{"uuid":"5ec4e156-e793-4811-8bd1-2b2aacd0712f","name":"Open Cart Register Page Negative Test_chrome 100","children":["6a66c07c-d569-464b-96b8-a03dc0d39e27","80afd588-1038-4a4d-b7ab-8f4eeec6b300"],"befores":[{"name":"setup","status":"broken","statusDetails":{"known":false,"muted":false,"flaky":false,"message":"Could not start a new session. Possible causes are invalid address of the remote server or browser start-up failure. \nHost info: host: 'RAKESH-SINGH', ip: '192.168.29.161'\nBuild info: version: '4.11.0', revision: '040bc5406b'\nSystem info: os.name: 'Windows 10', os.arch: 'amd64', os.version: '10.0', java.version: '17.0.2'\nDriver info: org.openqa.selenium.remote.RemoteWebDriver\nCommand: [null, newSession {capabilities=[Capabilities {browserName: chrome, browserVersion: 100.0, enableVNC: true, goog:chromeOptions: {args: [--remote-allow-origins=*], extensions: []}}]}]\nCapabilities {browserName: chrome, browserVersion: 100.0, enableVNC: true, goog:chromeOptions: {args: [--remote-allow-origins=*], extensions: []}}","trace":"org.openqa.selenium.SessionNotCreatedException: Could not start a new session. Possible causes are invalid address of the remote server or browser start-up failure. \nHost info: host: 'RAKESH-SINGH', ip: '192.168.29.161'\nBuild info: version: '4.11.0', revision: '040bc5406b'\nSystem info: os.name: 'Windows 10', os.arch: 'amd64', os.version: '10.0', java.version: '17.0.2'\nDriver info: org.openqa.selenium.remote.RemoteWebDriver\nCommand: [null, newSession {capabilities=[Capabilities {browserName: chrome, browserVersion: 100.0, enableVNC: true, goog:chromeOptions: {args: [--remote-allow-origins=*], extensions: []}}]}]\nCapabilities {browserName: chrome, browserVersion: 100.0, enableVNC: true, goog:chromeOptions: {args: [--remote-allow-origins=*], extensions: []}}\r\n\tat org.openqa.selenium.remote.RemoteWebDriver.execute(RemoteWebDriver.java:536)\r\n\tat org.openqa.selenium.remote.RemoteWebDriver.startSession(RemoteWebDriver.java:232)\r\n\tat org.openqa.selenium.remote.RemoteWebDriver.<init>(RemoteWebDriver.java:159)\r\n\tat org.openqa.selenium.remote.RemoteWebDriver.<init>(RemoteWebDriver.java:139)\r\n\tat com.qa.opencart.factory.DriverFactory.init_remoteDriver(DriverFactory.java:91)\r\n\tat com.qa.opencart.factory.DriverFactory.init_Driver(DriverFactory.java:49)\r\n\tat com.qa.opencart.base.BaseTest.setup(BaseTest.java:65)\r\n\tat java.base/jdk.internal.reflect.NativeMethodAccessorImpl.invoke0(Native Method)\r\n\tat java.base/jdk.internal.reflect.NativeMethodAccessorImpl.invoke(NativeMethodAccessorImpl.java:77)\r\n\tat java.base/jdk.internal.reflect.DelegatingMethodAccessorImpl.invoke(DelegatingMethodAccessorImpl.java:43)\r\n\tat java.base/java.lang.reflect.Method.invoke(Method.java:568)\r\n\tat org.testng.internal.MethodInvocationHelper.invokeMethod(MethodInvocationHelper.java:124)\r\n\tat org.testng.internal.MethodInvocationHelper.invokeMethodConsideringTimeout(MethodInvocationHelper.java:59)\r\n\tat org.testng.internal.Invoker.invokeConfigurationMethod(Invoker.java:458)\r\n\tat org.testng.internal.Invoker.invokeConfigurations(Invoker.java:222)\r\n\tat org.testng.internal.Invoker.invokeConfigurations(Invoker.java:142)\r\n\tat org.testng.TestRunner.beforeRun(TestRunner.java:529)\r\n\tat org.testng.TestRunner.run(TestRunner.java:497)\r\n\tat org.testng.SuiteRunner.runTest(SuiteRunner.java:455)\r\n\tat org.testng.SuiteRunner.access$000(SuiteRunner.java:40)\r\n\tat org.testng.SuiteRunner$SuiteWorker.run(SuiteRunner.java:489)\r\n\tat org.testng.internal.thread.ThreadUtil$1.call(ThreadUtil.java:52)\r\n\tat java.base/java.util.concurrent.FutureTask.run(FutureTask.java:264)\r\n\tat java.base/java.util.concurrent.ThreadPoolExecutor.runWorker(ThreadPoolExecutor.java:1136)\r\n\tat java.base/java.util.concurrent.ThreadPoolExecutor$Worker.run(ThreadPoolExecutor.java:635)\r\n\tat java.base/java.lang.Thread.run(Thread.java:833)\r\nCaused by: java.lang.IllegalArgumentException: Illegal key values seen in w3c capabilities: [enableVNC]\r\n\tat org.openqa.selenium.remote.NewSessionPayload.lambda$validate$4(NewSessionPayload.java:184)\r\n\tat java.base/java.util.stream.ReferencePipeline$15$1.accept(ReferencePipeline.java:540)\r\n\tat java.base/java.util.stream.ReferencePipeline$15$1.accept(ReferencePipeline.java:541)\r\n\tat java.base/java.util.stream.ReferencePipeline$3$1.accept(ReferencePipeline.java:197)\r\n\tat java.base/java.util.stream.ReferencePipeline$15$1.accept(ReferencePipeline.java:541)\r\n\tat java.base/java.util.ArrayList$ArrayListSpliterator.forEachRemaining(ArrayList.java:1625)\r\n\tat java.base/java.util.stream.AbstractPipeline.copyInto(AbstractPipeline.java:509)\r\n\tat java.base/java.util.stream.AbstractPipeline.wrapAndCopyInto(AbstractPipeline.java:499)\r\n\tat java.base/java.util.stream.ForEachOps$ForEachOp.evaluateSequential(ForEachOps.java:150)\r\n\tat java.base/java.util.stream.ForEachOps$ForEachOp$OfRef.evaluateSequential(ForEachOps.java:173)\r\n\tat java.base/java.util.stream.AbstractPipeline.evaluate(AbstractPipeline.java:234)\r\n\tat java.base/java.util.stream.ReferencePipeline.forEach(ReferencePipeline.java:596)\r\n\tat org.openqa.selenium.remote.NewSessionPayload.validate(NewSessionPayload.java:188)\r\n\tat org.openqa.selenium.remote.NewSessionPayload.<init>(NewSessionPayload.java:91)\r\n\tat org.openqa.selenium.remote.NewSessionPayload.create(NewSessionPayload.java:127)\r\n\tat org.openqa.selenium.remote.NewSessionPayload.create(NewSessionPayload.java:111)\r\n\tat org.openqa.selenium.remote.ProtocolHandshake.createSession(ProtocolHandshake.java:67)\r\n\tat org.openqa.selenium.remote.HttpCommandExecutor.execute(HttpCommandExecutor.java:163)\r\n\tat org.openqa.selenium.remote.TracedCommandExecutor.execute(TracedCommandExecutor.java:51)\r\n\tat org.openqa.selenium.remote.RemoteWebDriver.execute(RemoteWebDriver.java:518)\r\n\t... 25 more\r\n"},"stage":"finished","description":"","steps":[],"attachments":[],"parameters":[],"start":1721556669901,"stop":1721556669909}],"afters":[],"links":[],"start":1721556669867,"stop":1721556670003}