{"name":"setup","status":"broken","statusDetails":{"known":false,"muted":false,"flaky":false,"message":"java.net.URISyntaxException: Illegal character in authority at index 7: http://65.0.127.169 :4444/wd/hub","trace":"java.lang.RuntimeException: java.net.URISyntaxException: Illegal character in authority at index 7: http://65.0.127.169 :4444/wd/hub\r\n\tat org.openqa.selenium.remote.http.ClientConfig.baseUrl(ClientConfig.java:75)\r\n\tat org.openqa.selenium.remote.RemoteWebDriver.createExecutor(RemoteWebDriver.java:180)\r\n\tat org.openqa.selenium.remote.RemoteWebDriver.<init>(RemoteWebDriver.java:140)\r\n\tat com.qa.opencart.factory.DriverFactory.initRemoteDriver(DriverFactory.java:81)\r\n\tat com.qa.opencart.factory.DriverFactory.initDriver(DriverFactory.java:43)\r\n\tat com.qa.opencart.base.BaseTest.setup(BaseTest.java:62)\r\n\tat java.base/jdk.internal.reflect.NativeMethodAccessorImpl.invoke0(Native Method)\r\n\tat java.base/jdk.internal.reflect.NativeMethodAccessorImpl.invoke(NativeMethodAccessorImpl.java:77)\r\n\tat java.base/jdk.internal.reflect.DelegatingMethodAccessorImpl.invoke(DelegatingMethodAccessorImpl.java:43)\r\n\tat java.base/java.lang.reflect.Method.invoke(Method.java:568)\r\n\tat org.testng.internal.MethodInvocationHelper.invokeMethod(MethodInvocationHelper.java:124)\r\n\tat org.testng.internal.MethodInvocationHelper.invokeMethodConsideringTimeout(MethodInvocationHelper.java:59)\r\n\tat org.testng.internal.Invoker.invokeConfigurationMethod(Invoker.java:458)\r\n\tat org.testng.internal.Invoker.invokeConfigurations(Invoker.java:222)\r\n\tat org.testng.internal.Invoker.invokeConfigurations(Invoker.java:142)\r\n\tat org.testng.TestRunner.beforeRun(TestRunner.java:529)\r\n\tat org.testng.TestRunner.run(TestRunner.java:497)\r\n\tat org.testng.SuiteRunner.runTest(SuiteRunner.java:455)\r\n\tat org.testng.SuiteRunner.access$000(SuiteRunner.java:40)\r\n\tat org.testng.SuiteRunner$SuiteWorker.run(SuiteRunner.java:489)\r\n\tat org.testng.internal.thread.ThreadUtil$1.call(ThreadUtil.java:52)\r\n\tat java.base/java.util.concurrent.FutureTask.run(FutureTask.java:264)\r\n\tat java.base/java.util.concurrent.ThreadPoolExecutor.runWorker(ThreadPoolExecutor.java:1136)\r\n\tat java.base/java.util.concurrent.ThreadPoolExecutor$Worker.run(ThreadPoolExecutor.java:635)\r\n\tat java.base/java.lang.Thread.run(Thread.java:833)\r\nCaused by: java.net.URISyntaxException: Illegal character in authority at index 7: http://65.0.127.169 :4444/wd/hub\r\n\tat java.base/java.net.URI$Parser.fail(URI.java:2974)\r\n\tat java.base/java.net.URI$Parser.parseAuthority(URI.java:3308)\r\n\tat java.base/java.net.URI$Parser.parseHierarchical(URI.java:3219)\r\n\tat java.base/java.net.URI$Parser.parse(URI.java:3175)\r\n\tat java.base/java.net.URI.<init>(URI.java:623)\r\n\tat java.base/java.net.URL.toURI(URL.java:1056)\r\n\tat org.openqa.selenium.remote.http.ClientConfig.baseUrl(ClientConfig.java:73)\r\n\t... 24 more\r\n"},"stage":"finished","steps":[],"attachments":[],"parameters":[{"name":"browserversion","value":"100.0"},{"name":"browser","value":"chrome"}],"start":1721557668360,"stop":1721557668363,"uuid":"7b778cd7-e338-4f5e-88cc-5f0b7fcca644","historyId":"29c95b016b154d8e5648398db5e18e2","fullName":"com.qa.opencart.base.BaseTest.setup","labels":[{"name":"package","value":"com.qa.opencart.tests.LoginPageTest"},{"name":"testClass","value":"com.qa.opencart.tests.LoginPageTest"},{"name":"testMethod","value":"setup"},{"name":"parentSuite","value":"Open Cart Test Regression Suite"},{"name":"suite","value":"Open Cart Login Page Test - Chrome 100"},{"name":"subSuite","value":"com.qa.opencart.tests.LoginPageTest"},{"name":"host","value":"Rakesh-Singh"},{"name":"thread","value":"24244@Rakesh-Singh.TestNG-tests-2(18)"},{"name":"framework","value":"testng"},{"name":"language","value":"java"},{"name":"epic","value":"User Management"},{"name":"feature","value":"Login"}],"links":[]}