<!DOCTYPE html>

<html>
  <head>
  <meta charset='utf-8'>
  <title>TestNG reports</title>

    <link type="text/css" href="testng-reports.css" rel="stylesheet" />
    <script type="text/javascript" src="jquery-1.7.1.min.js"></script>
    <script type="text/javascript" src="testng-reports.js"></script>
    <script type="text/javascript" src="https://www.google.com/jsapi"></script>
    <script type='text/javascript'>
      google.load('visualization', '1', {packages:['table']});
      google.setOnLoadCallback(drawTable);
      var suiteTableInitFunctions = new Array();
      var suiteTableData = new Array();
    </script>
    <!--
      <script type="text/javascript" src="jquery-ui/js/jquery-ui-1.8.16.custom.min.js"></script>
     -->
  </head>

  <body>
    <div class="top-banner-root">
      <span class="top-banner-title-font">Test results</span>
      <br/>
      <span class="top-banner-font-1">1 suite, 7 failed tests</span>
    </div> <!-- top-banner-root -->
    <div class="navigator-root">
      <div class="navigator-suite-header">
        <span>All suites</span>
        <a href="#" title="Collapse/expand all the suites" class="collapse-all-link">
          <img src="collapseall.gif" class="collapse-all-icon">
          </img> <!-- collapse-all-icon -->
        </a> <!-- collapse-all-link -->
      </div> <!-- navigator-suite-header -->
      <div class="suite">
        <div class="rounded-window">
          <div class="suite-header light-rounded-window-top">
            <a href="#" panel-name="suite-Open_Cart_Test_Regression_Suite" class="navigator-link">
              <span class="suite-name border-failed">Open Cart Test Regression Suite</span>
            </a> <!-- navigator-link -->
          </div> <!-- suite-header light-rounded-window-top -->
          <div class="navigator-suite-content">
            <div class="suite-section-title">
              <span>Info</span>
            </div> <!-- suite-section-title -->
            <div class="suite-section-content">
              <ul>
                <li>
                  <a href="#" panel-name="test-xml-Open_Cart_Test_Regression_Suite" class="navigator-link ">
                    <span>D:\NaveenAutomation_Feb2022\May2024POMSeries\src\test\resources\testrunners\testng_regression.xml</span>
                  </a> <!-- navigator-link  -->
                </li>
                <li>
                  <a href="#" panel-name="testlist-Open_Cart_Test_Regression_Suite" class="navigator-link ">
                    <span class="test-stats">5 tests</span>
                  </a> <!-- navigator-link  -->
                </li>
                <li>
                  <a href="#" panel-name="group-Open_Cart_Test_Regression_Suite" class="navigator-link ">
                    <span>0 groups</span>
                  </a> <!-- navigator-link  -->
                </li>
                <li>
                  <a href="#" panel-name="times-Open_Cart_Test_Regression_Suite" class="navigator-link ">
                    <span>Times</span>
                  </a> <!-- navigator-link  -->
                </li>
                <li>
                  <a href="#" panel-name="reporter-Open_Cart_Test_Regression_Suite" class="navigator-link ">
                    <span>Reporter output</span>
                  </a> <!-- navigator-link  -->
                </li>
                <li>
                  <a href="#" panel-name="ignored-methods-Open_Cart_Test_Regression_Suite" class="navigator-link ">
                    <span>Ignored methods</span>
                  </a> <!-- navigator-link  -->
                </li>
                <li>
                  <a href="#" panel-name="chronological-Open_Cart_Test_Regression_Suite" class="navigator-link ">
                    <span>Chronological view</span>
                  </a> <!-- navigator-link  -->
                </li>
              </ul>
            </div> <!-- suite-section-content -->
            <div class="result-section">
              <div class="suite-section-title">
                <span>Results</span>
              </div> <!-- suite-section-title -->
              <div class="suite-section-content">
                <ul>
                  <li>
                    <span class="method-stats">60 methods, 7 failed,  11 skipped,  42 passed</span>
                  </li>
                  <li>
                    <span class="method-list-title failed">Failed methods</span>
                    <span class="show-or-hide-methods failed">
                      <a href="#" panel-name="suite-Open_Cart_Test_Regression_Suite" class="hide-methods failed suite-Open_Cart_Test_Regression_Suite"> (hide)</a> <!-- hide-methods failed suite-Open_Cart_Test_Regression_Suite -->
                      <a href="#" panel-name="suite-Open_Cart_Test_Regression_Suite" class="show-methods failed suite-Open_Cart_Test_Regression_Suite"> (show)</a> <!-- show-methods failed suite-Open_Cart_Test_Regression_Suite -->
                    </span>
                    <div class="method-list-content failed suite-Open_Cart_Test_Regression_Suite">
                      <span>
                        <img src="failed.png" width="3%"/>
                        <a href="#" panel-name="suite-Open_Cart_Test_Regression_Suite" title="com.qa.opencart.tests.RegisterTest" class="method navigator-link" hash-for-method="userRegisterTest(Aaruk, singh, 963256985, Rak@1234, yes)">userRegisterTest(Aaruk, singh, 963256985, Rak@1234, yes)</a> <!-- method navigator-link -->
                      </span>
                      <br/>
                      <span>
                        <img src="failed.png" width="3%"/>
                        <a href="#" panel-name="suite-Open_Cart_Test_Regression_Suite" title="com.qa.opencart.tests.RegisterTest" class="method navigator-link" hash-for-method="userRegisterTest(Aaruk, singh, 963256985, Rak@1234, yes)">userRegisterTest(Aaruk, singh, 963256985, Rak@1234, yes)</a> <!-- method navigator-link -->
                      </span>
                      <br/>
                      <span>
                        <img src="failed.png" width="3%"/>
                        <a href="#" panel-name="suite-Open_Cart_Test_Regression_Suite" title="com.qa.opencart.tests.RegisterTest" class="method navigator-link" hash-for-method="userRegisterTest(Aarush, singh, 963256985, Rak@1234, yes)">userRegisterTest(Aarush, singh, 963256985, Rak@1234, yes)</a> <!-- method navigator-link -->
                      </span>
                      <br/>
                      <span>
                        <img src="failed.png" width="3%"/>
                        <a href="#" panel-name="suite-Open_Cart_Test_Regression_Suite" title="com.qa.opencart.tests.LoginPageTest" class="method navigator-link" hash-for-method="verifyFailTest">verifyFailTest</a> <!-- method navigator-link -->
                      </span>
                      <br/>
                      <span>
                        <img src="failed.png" width="3%"/>
                        <a href="#" panel-name="suite-Open_Cart_Test_Regression_Suite" title="com.qa.opencart.tests.LoginPageTest" class="method navigator-link" hash-for-method="verifyFailTest">verifyFailTest</a> <!-- method navigator-link -->
                      </span>
                      <br/>
                      <span>
                        <img src="failed.png" width="3%"/>
                        <a href="#" panel-name="suite-Open_Cart_Test_Regression_Suite" title="com.qa.opencart.tests.LoginPageTest" class="method navigator-link" hash-for-method="verifyLoginPageTitle">verifyLoginPageTitle</a> <!-- method navigator-link -->
                      </span>
                      <br/>
                      <span>
                        <img src="failed.png" width="3%"/>
                        <a href="#" panel-name="suite-Open_Cart_Test_Regression_Suite" title="com.qa.opencart.tests.LoginPageTest" class="method navigator-link" hash-for-method="verifyLoginPageTitle">verifyLoginPageTitle</a> <!-- method navigator-link -->
                      </span>
                      <br/>
                    </div> <!-- method-list-content failed suite-Open_Cart_Test_Regression_Suite -->
                  </li>
                  <li>
                    <span class="method-list-title skipped">Skipped methods</span>
                    <span class="show-or-hide-methods skipped">
                      <a href="#" panel-name="suite-Open_Cart_Test_Regression_Suite" class="hide-methods skipped suite-Open_Cart_Test_Regression_Suite"> (hide)</a> <!-- hide-methods skipped suite-Open_Cart_Test_Regression_Suite -->
                      <a href="#" panel-name="suite-Open_Cart_Test_Regression_Suite" class="show-methods skipped suite-Open_Cart_Test_Regression_Suite"> (show)</a> <!-- show-methods skipped suite-Open_Cart_Test_Regression_Suite -->
                    </span>
                    <div class="method-list-content skipped suite-Open_Cart_Test_Regression_Suite">
                      <span>
                        <img src="skipped.png" width="3%"/>
                        <a href="#" panel-name="suite-Open_Cart_Test_Regression_Suite" title="com.qa.opencart.tests.RegisterTest" class="method navigator-link" hash-for-method="userRegisterTest(Aarush, singh, 963256985, Rak@1234, yes)">userRegisterTest(Aarush, singh, 963256985, Rak@1234, yes)</a> <!-- method navigator-link -->
                      </span>
                      <br/>
                      <span>
                        <img src="skipped.png" width="3%"/>
                        <a href="#" panel-name="suite-Open_Cart_Test_Regression_Suite" title="com.qa.opencart.tests.RegisterTest" class="method navigator-link" hash-for-method="userRegisterTest(Aarush, singh, 963256985, Rak@1234, yes)">userRegisterTest(Aarush, singh, 963256985, Rak@1234, yes)</a> <!-- method navigator-link -->
                      </span>
                      <br/>
                      <span>
                        <img src="skipped.png" width="3%"/>
                        <a href="#" panel-name="suite-Open_Cart_Test_Regression_Suite" title="com.qa.opencart.tests.RegisterTest" class="method navigator-link" hash-for-method="userRegisterTest(Aarush, singh, 963256985, Rak@1234, yes)">userRegisterTest(Aarush, singh, 963256985, Rak@1234, yes)</a> <!-- method navigator-link -->
                      </span>
                      <br/>
                      <span>
                        <img src="skipped.png" width="3%"/>
                        <a href="#" panel-name="suite-Open_Cart_Test_Regression_Suite" title="com.qa.opencart.tests.LoginPageTest" class="method navigator-link" hash-for-method="verifyFailTest">verifyFailTest</a> <!-- method navigator-link -->
                      </span>
                      <br/>
                      <span>
                        <img src="skipped.png" width="3%"/>
                        <a href="#" panel-name="suite-Open_Cart_Test_Regression_Suite" title="com.qa.opencart.tests.LoginPageTest" class="method navigator-link" hash-for-method="verifyFailTest">verifyFailTest</a> <!-- method navigator-link -->
                      </span>
                      <br/>
                      <span>
                        <img src="skipped.png" width="3%"/>
                        <a href="#" panel-name="suite-Open_Cart_Test_Regression_Suite" title="com.qa.opencart.tests.LoginPageTest" class="method navigator-link" hash-for-method="verifyFailTest">verifyFailTest</a> <!-- method navigator-link -->
                      </span>
                      <br/>
                      <span>
                        <img src="skipped.png" width="3%"/>
                        <a href="#" panel-name="suite-Open_Cart_Test_Regression_Suite" title="com.qa.opencart.tests.LoginPageTest" class="method navigator-link" hash-for-method="verifyFailTest">verifyFailTest</a> <!-- method navigator-link -->
                      </span>
                      <br/>
                      <span>
                        <img src="skipped.png" width="3%"/>
                        <a href="#" panel-name="suite-Open_Cart_Test_Regression_Suite" title="com.qa.opencart.tests.LoginPageTest" class="method navigator-link" hash-for-method="verifyLoginPageTitle">verifyLoginPageTitle</a> <!-- method navigator-link -->
                      </span>
                      <br/>
                      <span>
                        <img src="skipped.png" width="3%"/>
                        <a href="#" panel-name="suite-Open_Cart_Test_Regression_Suite" title="com.qa.opencart.tests.LoginPageTest" class="method navigator-link" hash-for-method="verifyLoginPageTitle">verifyLoginPageTitle</a> <!-- method navigator-link -->
                      </span>
                      <br/>
                      <span>
                        <img src="skipped.png" width="3%"/>
                        <a href="#" panel-name="suite-Open_Cart_Test_Regression_Suite" title="com.qa.opencart.tests.LoginPageTest" class="method navigator-link" hash-for-method="verifyLoginPageTitle">verifyLoginPageTitle</a> <!-- method navigator-link -->
                      </span>
                      <br/>
                      <span>
                        <img src="skipped.png" width="3%"/>
                        <a href="#" panel-name="suite-Open_Cart_Test_Regression_Suite" title="com.qa.opencart.tests.LoginPageTest" class="method navigator-link" hash-for-method="verifyLoginPageTitle">verifyLoginPageTitle</a> <!-- method navigator-link -->
                      </span>
                      <br/>
                    </div> <!-- method-list-content skipped suite-Open_Cart_Test_Regression_Suite -->
                  </li>
                  <li>
                    <span class="method-list-title passed">Passed methods</span>
                    <span class="show-or-hide-methods passed">
                      <a href="#" panel-name="suite-Open_Cart_Test_Regression_Suite" class="hide-methods passed suite-Open_Cart_Test_Regression_Suite"> (hide)</a> <!-- hide-methods passed suite-Open_Cart_Test_Regression_Suite -->
                      <a href="#" panel-name="suite-Open_Cart_Test_Regression_Suite" class="show-methods passed suite-Open_Cart_Test_Regression_Suite"> (show)</a> <!-- show-methods passed suite-Open_Cart_Test_Regression_Suite -->
                    </span>
                    <div class="method-list-content passed suite-Open_Cart_Test_Regression_Suite">
                      <span>
                        <img src="passed.png" width="3%"/>
                        <a href="#" panel-name="suite-Open_Cart_Test_Regression_Suite" title="com.qa.opencart.tests.SearchResultPageTest" class="method navigator-link" hash-for-method="ProductDesc">ProductDesc</a> <!-- method navigator-link -->
                      </span>
                      <br/>
                      <span>
                        <img src="passed.png" width="3%"/>
                        <a href="#" panel-name="suite-Open_Cart_Test_Regression_Suite" title="com.qa.opencart.tests.AccountPageTest" class="method navigator-link" hash-for-method="accountTitleTest">accountTitleTest</a> <!-- method navigator-link -->
                      </span>
                      <br/>
                      <span>
                        <img src="passed.png" width="3%"/>
                        <a href="#" panel-name="suite-Open_Cart_Test_Regression_Suite" title="com.qa.opencart.tests.AccountPageTest" class="method navigator-link" hash-for-method="addToCartButtonPresent">addToCartButtonPresent</a> <!-- method navigator-link -->
                      </span>
                      <br/>
                      <span>
                        <img src="passed.png" width="3%"/>
                        <a href="#" panel-name="suite-Open_Cart_Test_Regression_Suite" title="com.qa.opencart.tests.SearchResultPageTest" class="method navigator-link" hash-for-method="doSearch(Apple)">doSearch(Apple)</a> <!-- method navigator-link -->
                      </span>
                      <br/>
                      <span>
                        <img src="passed.png" width="3%"/>
                        <a href="#" panel-name="suite-Open_Cart_Test_Regression_Suite" title="com.qa.opencart.tests.SearchResultPageTest" class="method navigator-link" hash-for-method="doSearch(MacBook)">doSearch(MacBook)</a> <!-- method navigator-link -->
                      </span>
                      <br/>
                      <span>
                        <img src="passed.png" width="3%"/>
                        <a href="#" panel-name="suite-Open_Cart_Test_Regression_Suite" title="com.qa.opencart.tests.SearchResultPageTest" class="method navigator-link" hash-for-method="doSearch(Imac)">doSearch(Imac)</a> <!-- method navigator-link -->
                      </span>
                      <br/>
                      <span>
                        <img src="passed.png" width="3%"/>
                        <a href="#" panel-name="suite-Open_Cart_Test_Regression_Suite" title="com.qa.opencart.tests.SearchResultPageTest" class="method navigator-link" hash-for-method="doSearch(samsung)">doSearch(samsung)</a> <!-- method navigator-link -->
                      </span>
                      <br/>
                      <span>
                        <img src="passed.png" width="3%"/>
                        <a href="#" panel-name="suite-Open_Cart_Test_Regression_Suite" title="com.qa.opencart.tests.AccountPageTest" class="method navigator-link" hash-for-method="footerLinkAllList">footerLinkAllList</a> <!-- method navigator-link -->
                      </span>
                      <br/>
                      <span>
                        <img src="passed.png" width="3%"/>
                        <a href="#" panel-name="suite-Open_Cart_Test_Regression_Suite" title="com.qa.opencart.tests.AccountPageTest" class="method navigator-link" hash-for-method="getContentMainHeaderList">getContentMainHeaderList</a> <!-- method navigator-link -->
                      </span>
                      <br/>
                      <span>
                        <img src="passed.png" width="3%"/>
                        <a href="#" panel-name="suite-Open_Cart_Test_Regression_Suite" title="com.qa.opencart.tests.AccountPageTest" class="method navigator-link" hash-for-method="getPageUrlTest">getPageUrlTest</a> <!-- method navigator-link -->
                      </span>
                      <br/>
                      <span>
                        <img src="passed.png" width="3%"/>
                        <a href="#" panel-name="suite-Open_Cart_Test_Regression_Suite" title="com.qa.opencart.tests.AccountPageTest" class="method navigator-link" hash-for-method="homePageHeader">homePageHeader</a> <!-- method navigator-link -->
                      </span>
                      <br/>
                      <span>
                        <img src="passed.png" width="3%"/>
                        <a href="#" panel-name="suite-Open_Cart_Test_Regression_Suite" title="com.qa.opencart.tests.SearchResultPageTest" class="method navigator-link" hash-for-method="imagesCountTest(MacBook, MacBook Pro, 4)">imagesCountTest(MacBook, MacBook Pro, 4)</a> <!-- method navigator-link -->
                      </span>
                      <br/>
                      <span>
                        <img src="passed.png" width="3%"/>
                        <a href="#" panel-name="suite-Open_Cart_Test_Regression_Suite" title="com.qa.opencart.tests.SearchResultPageTest" class="method navigator-link" hash-for-method="imagesCountTest(Apple, Apple Cinema 30&quot;, 6)">imagesCountTest(Apple, Apple Cinema 30", 6)</a> <!-- method navigator-link -->
                      </span>
                      <br/>
                      <span>
                        <img src="passed.png" width="3%"/>
                        <a href="#" panel-name="suite-Open_Cart_Test_Regression_Suite" title="com.qa.opencart.tests.SearchResultPageTest" class="method navigator-link" hash-for-method="imagesCountTest(iMac, iMac, 3)">imagesCountTest(iMac, iMac, 3)</a> <!-- method navigator-link -->
                      </span>
                      <br/>
                      <span>
                        <img src="passed.png" width="3%"/>
                        <a href="#" panel-name="suite-Open_Cart_Test_Regression_Suite" title="com.qa.opencart.tests.SearchResultPageTest" class="method navigator-link" hash-for-method="imagesCountTest(Samsung, Samsung SyncMaster 941BW, 1)">imagesCountTest(Samsung, Samsung SyncMaster 941BW, 1)</a> <!-- method navigator-link -->
                      </span>
                      <br/>
                      <span>
                        <img src="passed.png" width="3%"/>
                        <a href="#" panel-name="suite-Open_Cart_Test_Regression_Suite" title="com.qa.opencart.tests.AccountPageTest" class="method navigator-link" hash-for-method="logoutLinkPresent">logoutLinkPresent</a> <!-- method navigator-link -->
                      </span>
                      <br/>
                      <span>
                        <img src="passed.png" width="3%"/>
                        <a href="#" panel-name="suite-Open_Cart_Test_Regression_Suite" title="com.qa.opencart.tests.AccountPageTest" class="method navigator-link" hash-for-method="myAccountPresent">myAccountPresent</a> <!-- method navigator-link -->
                      </span>
                      <br/>
                      <span>
                        <img src="passed.png" width="3%"/>
                        <a href="#" panel-name="suite-Open_Cart_Test_Regression_Suite" title="com.qa.opencart.tests.SearchResultPageTest" class="method navigator-link" hash-for-method="productDtaTest">productDtaTest</a> <!-- method navigator-link -->
                      </span>
                      <br/>
                      <span>
                        <img src="passed.png" width="3%"/>
                        <a href="#" panel-name="suite-Open_Cart_Test_Regression_Suite" title="com.qa.opencart.tests.SearchResultPageTest" class="method navigator-link" hash-for-method="productInfoTest(Apple, Apple Cinema 30&quot;)">productInfoTest(Apple, Apple Cinema 30")</a> <!-- method navigator-link -->
                      </span>
                      <br/>
                      <span>
                        <img src="passed.png" width="3%"/>
                        <a href="#" panel-name="suite-Open_Cart_Test_Regression_Suite" title="com.qa.opencart.tests.SearchResultPageTest" class="method navigator-link" hash-for-method="productInfoTest(iMac, iMac)">productInfoTest(iMac, iMac)</a> <!-- method navigator-link -->
                      </span>
                      <br/>
                      <span>
                        <img src="passed.png" width="3%"/>
                        <a href="#" panel-name="suite-Open_Cart_Test_Regression_Suite" title="com.qa.opencart.tests.SearchResultPageTest" class="method navigator-link" hash-for-method="productInfoTest(Samsung, Samsung SyncMaster 941BW)">productInfoTest(Samsung, Samsung SyncMaster 941BW)</a> <!-- method navigator-link -->
                      </span>
                      <br/>
                      <span>
                        <img src="passed.png" width="3%"/>
                        <a href="#" panel-name="suite-Open_Cart_Test_Regression_Suite" title="com.qa.opencart.tests.SearchResultPageTest" class="method navigator-link" hash-for-method="productInfoTest(MacBook, MacBook Pro)">productInfoTest(MacBook, MacBook Pro)</a> <!-- method navigator-link -->
                      </span>
                      <br/>
                      <span>
                        <img src="passed.png" width="3%"/>
                        <a href="#" panel-name="suite-Open_Cart_Test_Regression_Suite" title="com.qa.opencart.tests.AccountPageTest" class="method navigator-link" hash-for-method="searchBoxPresent">searchBoxPresent</a> <!-- method navigator-link -->
                      </span>
                      <br/>
                      <span>
                        <img src="passed.png" width="3%"/>
                        <a href="#" panel-name="suite-Open_Cart_Test_Regression_Suite" title="com.qa.opencart.tests.AccountPageTest" class="method navigator-link" hash-for-method="userLogOutPage">userLogOutPage</a> <!-- method navigator-link -->
                      </span>
                      <br/>
                      <span>
                        <img src="passed.png" width="3%"/>
                        <a href="#" panel-name="suite-Open_Cart_Test_Regression_Suite" title="com.qa.opencart.tests.RegisterTest" class="method navigator-link" hash-for-method="userRegisterTest(Rakesh, k, 963256985, Rak@1234, yes)">userRegisterTest(Rakesh, k, 963256985, Rak@1234, yes)</a> <!-- method navigator-link -->
                      </span>
                      <br/>
                      <span>
                        <img src="passed.png" width="3%"/>
                        <a href="#" panel-name="suite-Open_Cart_Test_Regression_Suite" title="com.qa.opencart.tests.RegisterTest" class="method navigator-link" hash-for-method="userRegisterTest(nehah, k, 963256985, Rak@1234, yes)">userRegisterTest(nehah, k, 963256985, Rak@1234, yes)</a> <!-- method navigator-link -->
                      </span>
                      <br/>
                      <span>
                        <img src="passed.png" width="3%"/>
                        <a href="#" panel-name="suite-Open_Cart_Test_Regression_Suite" title="com.qa.opencart.tests.LoginPageTest" class="method navigator-link" hash-for-method="verifyEmailAddressFieldIsPresent">verifyEmailAddressFieldIsPresent</a> <!-- method navigator-link -->
                      </span>
                      <br/>
                      <span>
                        <img src="passed.png" width="3%"/>
                        <a href="#" panel-name="suite-Open_Cart_Test_Regression_Suite" title="com.qa.opencart.tests.LoginPageTest" class="method navigator-link" hash-for-method="verifyEmailAddressFieldIsPresent">verifyEmailAddressFieldIsPresent</a> <!-- method navigator-link -->
                      </span>
                      <br/>
                      <span>
                        <img src="passed.png" width="3%"/>
                        <a href="#" panel-name="suite-Open_Cart_Test_Regression_Suite" title="com.qa.opencart.tests.LoginPageTest" class="method navigator-link" hash-for-method="verifyLoginLinkIsPresent">verifyLoginLinkIsPresent</a> <!-- method navigator-link -->
                      </span>
                      <br/>
                      <span>
                        <img src="passed.png" width="3%"/>
                        <a href="#" panel-name="suite-Open_Cart_Test_Regression_Suite" title="com.qa.opencart.tests.LoginPageTest" class="method navigator-link" hash-for-method="verifyLoginLinkIsPresent">verifyLoginLinkIsPresent</a> <!-- method navigator-link -->
                      </span>
                      <br/>
                      <span>
                        <img src="passed.png" width="3%"/>
                        <a href="#" panel-name="suite-Open_Cart_Test_Regression_Suite" title="com.qa.opencart.tests.LoginPageTest" class="method navigator-link" hash-for-method="verifyLoginPageUrl">verifyLoginPageUrl</a> <!-- method navigator-link -->
                      </span>
                      <br/>
                      <span>
                        <img src="passed.png" width="3%"/>
                        <a href="#" panel-name="suite-Open_Cart_Test_Regression_Suite" title="com.qa.opencart.tests.LoginPageTest" class="method navigator-link" hash-for-method="verifyLoginPageUrl">verifyLoginPageUrl</a> <!-- method navigator-link -->
                      </span>
                      <br/>
                      <span>
                        <img src="passed.png" width="3%"/>
                        <a href="#" panel-name="suite-Open_Cart_Test_Regression_Suite" title="com.qa.opencart.tests.LoginPageTest" class="method navigator-link" hash-for-method="verifyPasswordFieldIsPresent">verifyPasswordFieldIsPresent</a> <!-- method navigator-link -->
                      </span>
                      <br/>
                      <span>
                        <img src="passed.png" width="3%"/>
                        <a href="#" panel-name="suite-Open_Cart_Test_Regression_Suite" title="com.qa.opencart.tests.LoginPageTest" class="method navigator-link" hash-for-method="verifyPasswordFieldIsPresent">verifyPasswordFieldIsPresent</a> <!-- method navigator-link -->
                      </span>
                      <br/>
                      <span>
                        <img src="passed.png" width="3%"/>
                        <a href="#" panel-name="suite-Open_Cart_Test_Regression_Suite" title="com.qa.opencart.tests.LoginPageTest" class="method navigator-link" hash-for-method="verifyRegisterFieldIsPresent">verifyRegisterFieldIsPresent</a> <!-- method navigator-link -->
                      </span>
                      <br/>
                      <span>
                        <img src="passed.png" width="3%"/>
                        <a href="#" panel-name="suite-Open_Cart_Test_Regression_Suite" title="com.qa.opencart.tests.LoginPageTest" class="method navigator-link" hash-for-method="verifyRegisterFieldIsPresent">verifyRegisterFieldIsPresent</a> <!-- method navigator-link -->
                      </span>
                      <br/>
                      <span>
                        <img src="passed.png" width="3%"/>
                        <a href="#" panel-name="suite-Open_Cart_Test_Regression_Suite" title="com.qa.opencart.tests.LoginPageTest" class="method navigator-link" hash-for-method="verifyReturningCustomerTextIsPresent">verifyReturningCustomerTextIsPresent</a> <!-- method navigator-link -->
                      </span>
                      <br/>
                      <span>
                        <img src="passed.png" width="3%"/>
                        <a href="#" panel-name="suite-Open_Cart_Test_Regression_Suite" title="com.qa.opencart.tests.LoginPageTest" class="method navigator-link" hash-for-method="verifyReturningCustomerTextIsPresent">verifyReturningCustomerTextIsPresent</a> <!-- method navigator-link -->
                      </span>
                      <br/>
                      <span>
                        <img src="passed.png" width="3%"/>
                        <a href="#" panel-name="suite-Open_Cart_Test_Regression_Suite" title="com.qa.opencart.tests.LoginPageTest" class="method navigator-link" hash-for-method="verifySearchBoxIsPresent">verifySearchBoxIsPresent</a> <!-- method navigator-link -->
                      </span>
                      <br/>
                      <span>
                        <img src="passed.png" width="3%"/>
                        <a href="#" panel-name="suite-Open_Cart_Test_Regression_Suite" title="com.qa.opencart.tests.LoginPageTest" class="method navigator-link" hash-for-method="verifySearchBoxIsPresent">verifySearchBoxIsPresent</a> <!-- method navigator-link -->
                      </span>
                      <br/>
                      <span>
                        <img src="passed.png" width="3%"/>
                        <a href="#" panel-name="suite-Open_Cart_Test_Regression_Suite" title="com.qa.opencart.tests.LoginPageTest" class="method navigator-link" hash-for-method="verifySuccessfulLogin">verifySuccessfulLogin</a> <!-- method navigator-link -->
                      </span>
                      <br/>
                      <span>
                        <img src="passed.png" width="3%"/>
                        <a href="#" panel-name="suite-Open_Cart_Test_Regression_Suite" title="com.qa.opencart.tests.LoginPageTest" class="method navigator-link" hash-for-method="verifySuccessfulLogin">verifySuccessfulLogin</a> <!-- method navigator-link -->
                      </span>
                      <br/>
                    </div> <!-- method-list-content passed suite-Open_Cart_Test_Regression_Suite -->
                  </li>
                </ul>
              </div> <!-- suite-section-content -->
            </div> <!-- result-section -->
          </div> <!-- navigator-suite-content -->
        </div> <!-- rounded-window -->
      </div> <!-- suite -->
    </div> <!-- navigator-root -->
    <div class="wrapper">
      <div class="main-panel-root">
        <div panel-name="suite-Open_Cart_Test_Regression_Suite" class="panel Open_Cart_Test_Regression_Suite">
          <div class="suite-Open_Cart_Test_Regression_Suite-class-failed">
            <div class="main-panel-header rounded-window-top">
              <img src="failed.png"/>
              <span class="class-name">com.qa.opencart.tests.RegisterTest</span>
            </div> <!-- main-panel-header rounded-window-top -->
            <div class="main-panel-content rounded-window-bottom">
              <div class="method">
                <div class="method-content">
                  <a name="userRegisterTest(Aaruk, singh, 963256985, Rak@1234, yes)">
                  </a> <!-- userRegisterTest(Aaruk, singh, 963256985, Rak@1234, yes) -->
                  <span class="method-name">userRegisterTest</span>
                  <span class="parameters">(Aaruk, singh, 963256985, Rak@1234, yes)</span>
                  <div class="stack-trace">java.lang.AssertionError: expected [true] but found [false]
	at org.testng.Assert.fail(Assert.java:96)
	at org.testng.Assert.failNotEquals(Assert.java:776)
	at org.testng.Assert.assertTrue(Assert.java:44)
	at org.testng.Assert.assertTrue(Assert.java:54)
	at com.qa.opencart.tests.RegisterTest.userRegisterTest(RegisterTest.java:53)
	at java.base/jdk.internal.reflect.NativeMethodAccessorImpl.invoke0(Native Method)
	at java.base/jdk.internal.reflect.NativeMethodAccessorImpl.invoke(NativeMethodAccessorImpl.java:77)
	at java.base/jdk.internal.reflect.DelegatingMethodAccessorImpl.invoke(DelegatingMethodAccessorImpl.java:43)
	at java.base/java.lang.reflect.Method.invoke(Method.java:568)
	at org.testng.internal.MethodInvocationHelper.invokeMethod(MethodInvocationHelper.java:124)
	at org.testng.internal.Invoker.invokeMethod(Invoker.java:583)
	at org.testng.internal.Invoker.retryFailed(Invoker.java:839)
	at org.testng.internal.Invoker.invokeTestMethods(Invoker.java:1010)
	at org.testng.internal.TestMethodWorker.invokeTestMethods(TestMethodWorker.java:125)
	at org.testng.internal.TestMethodWorker.run(TestMethodWorker.java:109)
	at org.testng.TestRunner.privateRun(TestRunner.java:648)
	at org.testng.TestRunner.run(TestRunner.java:505)
	at org.testng.SuiteRunner.runTest(SuiteRunner.java:455)
	at org.testng.SuiteRunner.access$000(SuiteRunner.java:40)
	at org.testng.SuiteRunner$SuiteWorker.run(SuiteRunner.java:489)
	at org.testng.internal.thread.ThreadUtil$1.call(ThreadUtil.java:52)
	at java.base/java.util.concurrent.FutureTask.run(FutureTask.java:264)
	at java.base/java.util.concurrent.ThreadPoolExecutor.runWorker(ThreadPoolExecutor.java:1136)
	at java.base/java.util.concurrent.ThreadPoolExecutor$Worker.run(ThreadPoolExecutor.java:635)
	at java.base/java.lang.Thread.run(Thread.java:833)

</div> <!-- stack-trace -->
                </div> <!-- method-content -->
              </div> <!-- method -->
              <div class="method">
                <div class="method-content">
                  <a name="userRegisterTest(Aaruk, singh, 963256985, Rak@1234, yes)">
                  </a> <!-- userRegisterTest(Aaruk, singh, 963256985, Rak@1234, yes) -->
                  <span class="method-name">userRegisterTest</span>
                  <span class="parameters">(Aaruk, singh, 963256985, Rak@1234, yes)</span>
                  <div class="stack-trace">java.lang.AssertionError: expected [true] but found [false]
	at org.testng.Assert.fail(Assert.java:96)
	at org.testng.Assert.failNotEquals(Assert.java:776)
	at org.testng.Assert.assertTrue(Assert.java:44)
	at org.testng.Assert.assertTrue(Assert.java:54)
	at com.qa.opencart.tests.RegisterTest.userRegisterTest(RegisterTest.java:53)
	at java.base/jdk.internal.reflect.NativeMethodAccessorImpl.invoke0(Native Method)
	at java.base/jdk.internal.reflect.NativeMethodAccessorImpl.invoke(NativeMethodAccessorImpl.java:77)
	at java.base/jdk.internal.reflect.DelegatingMethodAccessorImpl.invoke(DelegatingMethodAccessorImpl.java:43)
	at java.base/java.lang.reflect.Method.invoke(Method.java:568)
	at org.testng.internal.MethodInvocationHelper.invokeMethod(MethodInvocationHelper.java:124)
	at org.testng.internal.Invoker.invokeMethod(Invoker.java:583)
	at org.testng.internal.Invoker.invokeTestMethod(Invoker.java:719)
	at org.testng.internal.Invoker.invokeTestMethods(Invoker.java:989)
	at org.testng.internal.TestMethodWorker.invokeTestMethods(TestMethodWorker.java:125)
	at org.testng.internal.TestMethodWorker.run(TestMethodWorker.java:109)
	at org.testng.TestRunner.privateRun(TestRunner.java:648)
	at org.testng.TestRunner.run(TestRunner.java:505)
	at org.testng.SuiteRunner.runTest(SuiteRunner.java:455)
	at org.testng.SuiteRunner.access$000(SuiteRunner.java:40)
	at org.testng.SuiteRunner$SuiteWorker.run(SuiteRunner.java:489)
	at org.testng.internal.thread.ThreadUtil$1.call(ThreadUtil.java:52)
	at java.base/java.util.concurrent.FutureTask.run(FutureTask.java:264)
	at java.base/java.util.concurrent.ThreadPoolExecutor.runWorker(ThreadPoolExecutor.java:1136)
	at java.base/java.util.concurrent.ThreadPoolExecutor$Worker.run(ThreadPoolExecutor.java:635)
	at java.base/java.lang.Thread.run(Thread.java:833)

</div> <!-- stack-trace -->
                </div> <!-- method-content -->
              </div> <!-- method -->
              <div class="method">
                <div class="method-content">
                  <a name="userRegisterTest(Aarush, singh, 963256985, Rak@1234, yes)">
                  </a> <!-- userRegisterTest(Aarush, singh, 963256985, Rak@1234, yes) -->
                  <span class="method-name">userRegisterTest</span>
                  <span class="parameters">(Aarush, singh, 963256985, Rak@1234, yes)</span>
                  <div class="stack-trace">java.lang.AssertionError: expected [true] but found [false]
	at org.testng.Assert.fail(Assert.java:96)
	at org.testng.Assert.failNotEquals(Assert.java:776)
	at org.testng.Assert.assertTrue(Assert.java:44)
	at org.testng.Assert.assertTrue(Assert.java:54)
	at com.qa.opencart.tests.RegisterTest.userRegisterTest(RegisterTest.java:53)
	at java.base/jdk.internal.reflect.NativeMethodAccessorImpl.invoke0(Native Method)
	at java.base/jdk.internal.reflect.NativeMethodAccessorImpl.invoke(NativeMethodAccessorImpl.java:77)
	at java.base/jdk.internal.reflect.DelegatingMethodAccessorImpl.invoke(DelegatingMethodAccessorImpl.java:43)
	at java.base/java.lang.reflect.Method.invoke(Method.java:568)
	at org.testng.internal.MethodInvocationHelper.invokeMethod(MethodInvocationHelper.java:124)
	at org.testng.internal.Invoker.invokeMethod(Invoker.java:583)
	at org.testng.internal.Invoker.retryFailed(Invoker.java:839)
	at org.testng.internal.Invoker.invokeTestMethods(Invoker.java:1010)
	at org.testng.internal.TestMethodWorker.invokeTestMethods(TestMethodWorker.java:125)
	at org.testng.internal.TestMethodWorker.run(TestMethodWorker.java:109)
	at org.testng.TestRunner.privateRun(TestRunner.java:648)
	at org.testng.TestRunner.run(TestRunner.java:505)
	at org.testng.SuiteRunner.runTest(SuiteRunner.java:455)
	at org.testng.SuiteRunner.access$000(SuiteRunner.java:40)
	at org.testng.SuiteRunner$SuiteWorker.run(SuiteRunner.java:489)
	at org.testng.internal.thread.ThreadUtil$1.call(ThreadUtil.java:52)
	at java.base/java.util.concurrent.FutureTask.run(FutureTask.java:264)
	at java.base/java.util.concurrent.ThreadPoolExecutor.runWorker(ThreadPoolExecutor.java:1136)
	at java.base/java.util.concurrent.ThreadPoolExecutor$Worker.run(ThreadPoolExecutor.java:635)
	at java.base/java.lang.Thread.run(Thread.java:833)

</div> <!-- stack-trace -->
                </div> <!-- method-content -->
              </div> <!-- method -->
            </div> <!-- main-panel-content rounded-window-bottom -->
          </div> <!-- suite-Open_Cart_Test_Regression_Suite-class-failed -->
          <div class="suite-Open_Cart_Test_Regression_Suite-class-failed">
            <div class="main-panel-header rounded-window-top">
              <img src="failed.png"/>
              <span class="class-name">com.qa.opencart.tests.LoginPageTest</span>
            </div> <!-- main-panel-header rounded-window-top -->
            <div class="main-panel-content rounded-window-bottom">
              <div class="method">
                <div class="method-content">
                  <a name="verifyFailTest">
                  </a> <!-- verifyFailTest -->
                  <span class="method-name">verifyFailTest</span>
                  <div class="stack-trace">org.openqa.selenium.TimeoutException: Expected condition failed: waiting for title to be &quot;My Account&quot;. Current title: &quot;Account Login&quot; (tried for 5 second(s) with 500 milliseconds interval)
Build info: version: &apos;4.11.0&apos;, revision: &apos;040bc5406b&apos;
System info: os.name: &apos;Windows 10&apos;, os.arch: &apos;amd64&apos;, os.version: &apos;10.0&apos;, java.version: &apos;17.0.2&apos;
Driver info: org.openqa.selenium.remote.RemoteWebDriver
Capabilities {acceptInsecureCerts: false, browserName: chrome, browserVersion: 100.0.4896.60, chrome: {chromedriverVersion: 100.0.4896.20 (f9d71f93d32a..., userDataDir: /tmp/.com.google.Chrome.9tbasc}, goog:chromeOptions: {debuggerAddress: localhost:42023}, networkConnectionEnabled: false, pageLoadStrategy: normal, platformName: linux, proxy: Proxy(), se:cdp: ws://65.0.127.169:4444/devt..., se:cdpVersion: 100.0.4896.60, setWindowRect: true, strictFileInteractability: false, timeouts: {implicit: 0, pageLoad: 300000, script: 30000}, unhandledPromptBehavior: dismiss and notify, webauthn:extension:credBlob: true, webauthn:extension:largeBlob: true, webauthn:virtualAuthenticators: true}
Session ID: 8aadbf2ec4c1d0651c0dd3cd477e8ca4
	at org.openqa.selenium.support.ui.WebDriverWait.timeoutException(WebDriverWait.java:84)
	at org.openqa.selenium.support.ui.FluentWait.until(FluentWait.java:230)
	at com.qa.opencart.utils.ElementUtil.waitForTitleIs(ElementUtil.java:234)
	at com.qa.opencart.pages.LoginPage.getPageTitle(LoginPage.java:44)
	at com.qa.opencart.tests.LoginPageTest.verifyFailTest(LoginPageTest.java:33)
	at java.base/jdk.internal.reflect.NativeMethodAccessorImpl.invoke0(Native Method)
	at java.base/jdk.internal.reflect.NativeMethodAccessorImpl.invoke(NativeMethodAccessorImpl.java:77)
	at java.base/jdk.internal.reflect.DelegatingMethodAccessorImpl.invoke(DelegatingMethodAccessorImpl.java:43)
	at java.base/java.lang.reflect.Method.invoke(Method.java:568)
	at org.testng.internal.MethodInvocationHelper.invokeMethod(MethodInvocationHelper.java:124)
	at org.testng.internal.Invoker.invokeMethod(Invoker.java:583)
	at org.testng.internal.Invoker.retryFailed(Invoker.java:839)
	at org.testng.internal.Invoker.invokeTestMethods(Invoker.java:1010)
	at org.testng.internal.TestMethodWorker.invokeTestMethods(TestMethodWorker.java:125)
	at org.testng.internal.TestMethodWorker.run(TestMethodWorker.java:109)
	at org.testng.TestRunner.privateRun(TestRunner.java:648)
	at org.testng.TestRunner.run(TestRunner.java:505)
	at org.testng.SuiteRunner.runTest(SuiteRunner.java:455)
	at org.testng.SuiteRunner.access$000(SuiteRunner.java:40)
	at org.testng.SuiteRunner$SuiteWorker.run(SuiteRunner.java:489)
	at org.testng.internal.thread.ThreadUtil$1.call(ThreadUtil.java:52)
	at java.base/java.util.concurrent.FutureTask.run(FutureTask.java:264)
	at java.base/java.util.concurrent.ThreadPoolExecutor.runWorker(ThreadPoolExecutor.java:1136)
	at java.base/java.util.concurrent.ThreadPoolExecutor$Worker.run(ThreadPoolExecutor.java:635)
	at java.base/java.lang.Thread.run(Thread.java:833)

</div> <!-- stack-trace -->
                </div> <!-- method-content -->
              </div> <!-- method -->
              <div class="method">
                <div class="method-content">
                  <a name="verifyFailTest">
                  </a> <!-- verifyFailTest -->
                  <span class="method-name">verifyFailTest</span>
                  <div class="stack-trace">org.openqa.selenium.TimeoutException: Expected condition failed: waiting for title to be &quot;My Account&quot;. Current title: &quot;Account Login&quot; (tried for 5 second(s) with 500 milliseconds interval)
Build info: version: &apos;4.11.0&apos;, revision: &apos;040bc5406b&apos;
System info: os.name: &apos;Windows 10&apos;, os.arch: &apos;amd64&apos;, os.version: &apos;10.0&apos;, java.version: &apos;17.0.2&apos;
Driver info: org.openqa.selenium.remote.RemoteWebDriver
Capabilities {acceptInsecureCerts: false, browserName: chrome, browserVersion: 90.0.4430.72, chrome: {chromedriverVersion: 90.0.4430.24 (4c6d850f087da..., userDataDir: /tmp/.com.google.Chrome.Lq54Fh}, goog:chromeOptions: {debuggerAddress: localhost:34779}, networkConnectionEnabled: false, pageLoadStrategy: normal, platformName: linux, proxy: Proxy(), se:cdp: ws://65.0.127.169:4444/devt..., se:cdpVersion: 90.0.4430.72, setWindowRect: true, strictFileInteractability: false, timeouts: {implicit: 0, pageLoad: 300000, script: 30000}, unhandledPromptBehavior: dismiss and notify, webauthn:extension:largeBlob: true, webauthn:virtualAuthenticators: true}
Session ID: 7a040dbc7ed2614ad70d0f2c9693f057
	at org.openqa.selenium.support.ui.WebDriverWait.timeoutException(WebDriverWait.java:84)
	at org.openqa.selenium.support.ui.FluentWait.until(FluentWait.java:230)
	at com.qa.opencart.utils.ElementUtil.waitForTitleIs(ElementUtil.java:234)
	at com.qa.opencart.pages.LoginPage.getPageTitle(LoginPage.java:44)
	at com.qa.opencart.tests.LoginPageTest.verifyFailTest(LoginPageTest.java:33)
	at java.base/jdk.internal.reflect.NativeMethodAccessorImpl.invoke0(Native Method)
	at java.base/jdk.internal.reflect.NativeMethodAccessorImpl.invoke(NativeMethodAccessorImpl.java:77)
	at java.base/jdk.internal.reflect.DelegatingMethodAccessorImpl.invoke(DelegatingMethodAccessorImpl.java:43)
	at java.base/java.lang.reflect.Method.invoke(Method.java:568)
	at org.testng.internal.MethodInvocationHelper.invokeMethod(MethodInvocationHelper.java:124)
	at org.testng.internal.Invoker.invokeMethod(Invoker.java:583)
	at org.testng.internal.Invoker.retryFailed(Invoker.java:839)
	at org.testng.internal.Invoker.invokeTestMethods(Invoker.java:1010)
	at org.testng.internal.TestMethodWorker.invokeTestMethods(TestMethodWorker.java:125)
	at org.testng.internal.TestMethodWorker.run(TestMethodWorker.java:109)
	at org.testng.TestRunner.privateRun(TestRunner.java:648)
	at org.testng.TestRunner.run(TestRunner.java:505)
	at org.testng.SuiteRunner.runTest(SuiteRunner.java:455)
	at org.testng.SuiteRunner.access$000(SuiteRunner.java:40)
	at org.testng.SuiteRunner$SuiteWorker.run(SuiteRunner.java:489)
	at org.testng.internal.thread.ThreadUtil$1.call(ThreadUtil.java:52)
	at java.base/java.util.concurrent.FutureTask.run(FutureTask.java:264)
	at java.base/java.util.concurrent.ThreadPoolExecutor.runWorker(ThreadPoolExecutor.java:1136)
	at java.base/java.util.concurrent.ThreadPoolExecutor$Worker.run(ThreadPoolExecutor.java:635)
	at java.base/java.lang.Thread.run(Thread.java:833)

</div> <!-- stack-trace -->
                </div> <!-- method-content -->
              </div> <!-- method -->
              <div class="method">
                <div class="method-content">
                  <a name="verifyLoginPageTitle">
                  </a> <!-- verifyLoginPageTitle -->
                  <span class="method-name">verifyLoginPageTitle</span>
                  <div class="stack-trace">org.openqa.selenium.TimeoutException: Expected condition failed: waiting for title to be &quot;My Account&quot;. Current title: &quot;Account Login&quot; (tried for 5 second(s) with 500 milliseconds interval)
Build info: version: &apos;4.11.0&apos;, revision: &apos;040bc5406b&apos;
System info: os.name: &apos;Windows 10&apos;, os.arch: &apos;amd64&apos;, os.version: &apos;10.0&apos;, java.version: &apos;17.0.2&apos;
Driver info: org.openqa.selenium.remote.RemoteWebDriver
Capabilities {acceptInsecureCerts: false, browserName: chrome, browserVersion: 100.0.4896.60, chrome: {chromedriverVersion: 100.0.4896.20 (f9d71f93d32a..., userDataDir: /tmp/.com.google.Chrome.9tbasc}, goog:chromeOptions: {debuggerAddress: localhost:42023}, networkConnectionEnabled: false, pageLoadStrategy: normal, platformName: linux, proxy: Proxy(), se:cdp: ws://65.0.127.169:4444/devt..., se:cdpVersion: 100.0.4896.60, setWindowRect: true, strictFileInteractability: false, timeouts: {implicit: 0, pageLoad: 300000, script: 30000}, unhandledPromptBehavior: dismiss and notify, webauthn:extension:credBlob: true, webauthn:extension:largeBlob: true, webauthn:virtualAuthenticators: true}
Session ID: 8aadbf2ec4c1d0651c0dd3cd477e8ca4
	at org.openqa.selenium.support.ui.WebDriverWait.timeoutException(WebDriverWait.java:84)
	at org.openqa.selenium.support.ui.FluentWait.until(FluentWait.java:230)
	at com.qa.opencart.utils.ElementUtil.waitForTitleIs(ElementUtil.java:234)
	at com.qa.opencart.pages.LoginPage.getPageTitle(LoginPage.java:44)
	at com.qa.opencart.tests.LoginPageTest.verifyLoginPageTitle(LoginPageTest.java:27)
	at java.base/jdk.internal.reflect.NativeMethodAccessorImpl.invoke0(Native Method)
	at java.base/jdk.internal.reflect.NativeMethodAccessorImpl.invoke(NativeMethodAccessorImpl.java:77)
	at java.base/jdk.internal.reflect.DelegatingMethodAccessorImpl.invoke(DelegatingMethodAccessorImpl.java:43)
	at java.base/java.lang.reflect.Method.invoke(Method.java:568)
	at org.testng.internal.MethodInvocationHelper.invokeMethod(MethodInvocationHelper.java:124)
	at org.testng.internal.Invoker.invokeMethod(Invoker.java:583)
	at org.testng.internal.Invoker.retryFailed(Invoker.java:839)
	at org.testng.internal.Invoker.invokeTestMethods(Invoker.java:1010)
	at org.testng.internal.TestMethodWorker.invokeTestMethods(TestMethodWorker.java:125)
	at org.testng.internal.TestMethodWorker.run(TestMethodWorker.java:109)
	at org.testng.TestRunner.privateRun(TestRunner.java:648)
	at org.testng.TestRunner.run(TestRunner.java:505)
	at org.testng.SuiteRunner.runTest(SuiteRunner.java:455)
	at org.testng.SuiteRunner.access$000(SuiteRunner.java:40)
	at org.testng.SuiteRunner$SuiteWorker.run(SuiteRunner.java:489)
	at org.testng.internal.thread.ThreadUtil$1.call(ThreadUtil.java:52)
	at java.base/java.util.concurrent.FutureTask.run(FutureTask.java:264)
	at java.base/java.util.concurrent.ThreadPoolExecutor.runWorker(ThreadPoolExecutor.java:1136)
	at java.base/java.util.concurrent.ThreadPoolExecutor$Worker.run(ThreadPoolExecutor.java:635)
	at java.base/java.lang.Thread.run(Thread.java:833)

</div> <!-- stack-trace -->
                </div> <!-- method-content -->
              </div> <!-- method -->
              <div class="method">
                <div class="method-content">
                  <a name="verifyLoginPageTitle">
                  </a> <!-- verifyLoginPageTitle -->
                  <span class="method-name">verifyLoginPageTitle</span>
                  <div class="stack-trace">org.openqa.selenium.TimeoutException: Expected condition failed: waiting for title to be &quot;My Account&quot;. Current title: &quot;Account Login&quot; (tried for 5 second(s) with 500 milliseconds interval)
Build info: version: &apos;4.11.0&apos;, revision: &apos;040bc5406b&apos;
System info: os.name: &apos;Windows 10&apos;, os.arch: &apos;amd64&apos;, os.version: &apos;10.0&apos;, java.version: &apos;17.0.2&apos;
Driver info: org.openqa.selenium.remote.RemoteWebDriver
Capabilities {acceptInsecureCerts: false, browserName: chrome, browserVersion: 90.0.4430.72, chrome: {chromedriverVersion: 90.0.4430.24 (4c6d850f087da..., userDataDir: /tmp/.com.google.Chrome.Lq54Fh}, goog:chromeOptions: {debuggerAddress: localhost:34779}, networkConnectionEnabled: false, pageLoadStrategy: normal, platformName: linux, proxy: Proxy(), se:cdp: ws://65.0.127.169:4444/devt..., se:cdpVersion: 90.0.4430.72, setWindowRect: true, strictFileInteractability: false, timeouts: {implicit: 0, pageLoad: 300000, script: 30000}, unhandledPromptBehavior: dismiss and notify, webauthn:extension:largeBlob: true, webauthn:virtualAuthenticators: true}
Session ID: 7a040dbc7ed2614ad70d0f2c9693f057
	at org.openqa.selenium.support.ui.WebDriverWait.timeoutException(WebDriverWait.java:84)
	at org.openqa.selenium.support.ui.FluentWait.until(FluentWait.java:230)
	at com.qa.opencart.utils.ElementUtil.waitForTitleIs(ElementUtil.java:234)
	at com.qa.opencart.pages.LoginPage.getPageTitle(LoginPage.java:44)
	at com.qa.opencart.tests.LoginPageTest.verifyLoginPageTitle(LoginPageTest.java:27)
	at java.base/jdk.internal.reflect.NativeMethodAccessorImpl.invoke0(Native Method)
	at java.base/jdk.internal.reflect.NativeMethodAccessorImpl.invoke(NativeMethodAccessorImpl.java:77)
	at java.base/jdk.internal.reflect.DelegatingMethodAccessorImpl.invoke(DelegatingMethodAccessorImpl.java:43)
	at java.base/java.lang.reflect.Method.invoke(Method.java:568)
	at org.testng.internal.MethodInvocationHelper.invokeMethod(MethodInvocationHelper.java:124)
	at org.testng.internal.Invoker.invokeMethod(Invoker.java:583)
	at org.testng.internal.Invoker.retryFailed(Invoker.java:839)
	at org.testng.internal.Invoker.invokeTestMethods(Invoker.java:1010)
	at org.testng.internal.TestMethodWorker.invokeTestMethods(TestMethodWorker.java:125)
	at org.testng.internal.TestMethodWorker.run(TestMethodWorker.java:109)
	at org.testng.TestRunner.privateRun(TestRunner.java:648)
	at org.testng.TestRunner.run(TestRunner.java:505)
	at org.testng.SuiteRunner.runTest(SuiteRunner.java:455)
	at org.testng.SuiteRunner.access$000(SuiteRunner.java:40)
	at org.testng.SuiteRunner$SuiteWorker.run(SuiteRunner.java:489)
	at org.testng.internal.thread.ThreadUtil$1.call(ThreadUtil.java:52)
	at java.base/java.util.concurrent.FutureTask.run(FutureTask.java:264)
	at java.base/java.util.concurrent.ThreadPoolExecutor.runWorker(ThreadPoolExecutor.java:1136)
	at java.base/java.util.concurrent.ThreadPoolExecutor$Worker.run(ThreadPoolExecutor.java:635)
	at java.base/java.lang.Thread.run(Thread.java:833)

</div> <!-- stack-trace -->
                </div> <!-- method-content -->
              </div> <!-- method -->
            </div> <!-- main-panel-content rounded-window-bottom -->
          </div> <!-- suite-Open_Cart_Test_Regression_Suite-class-failed -->
          <div class="suite-Open_Cart_Test_Regression_Suite-class-skipped">
            <div class="main-panel-header rounded-window-top">
              <img src="skipped.png"/>
              <span class="class-name">com.qa.opencart.tests.RegisterTest</span>
            </div> <!-- main-panel-header rounded-window-top -->
            <div class="main-panel-content rounded-window-bottom">
              <div class="method">
                <div class="method-content">
                  <a name="userRegisterTest(Aarush, singh, 963256985, Rak@1234, yes)">
                  </a> <!-- userRegisterTest(Aarush, singh, 963256985, Rak@1234, yes) -->
                  <span class="method-name">userRegisterTest</span>
                  <span class="parameters">(Aarush, singh, 963256985, Rak@1234, yes)</span>
                  <div class="stack-trace">java.lang.AssertionError: expected [true] but found [false]
	at org.testng.Assert.fail(Assert.java:96)
	at org.testng.Assert.failNotEquals(Assert.java:776)
	at org.testng.Assert.assertTrue(Assert.java:44)
	at org.testng.Assert.assertTrue(Assert.java:54)
	at com.qa.opencart.tests.RegisterTest.userRegisterTest(RegisterTest.java:53)
	at java.base/jdk.internal.reflect.NativeMethodAccessorImpl.invoke0(Native Method)
	at java.base/jdk.internal.reflect.NativeMethodAccessorImpl.invoke(NativeMethodAccessorImpl.java:77)
	at java.base/jdk.internal.reflect.DelegatingMethodAccessorImpl.invoke(DelegatingMethodAccessorImpl.java:43)
	at java.base/java.lang.reflect.Method.invoke(Method.java:568)
	at org.testng.internal.MethodInvocationHelper.invokeMethod(MethodInvocationHelper.java:124)
	at org.testng.internal.Invoker.invokeMethod(Invoker.java:583)
	at org.testng.internal.Invoker.invokeTestMethod(Invoker.java:719)
	at org.testng.internal.Invoker.invokeTestMethods(Invoker.java:989)
	at org.testng.internal.TestMethodWorker.invokeTestMethods(TestMethodWorker.java:125)
	at org.testng.internal.TestMethodWorker.run(TestMethodWorker.java:109)
	at org.testng.TestRunner.privateRun(TestRunner.java:648)
	at org.testng.TestRunner.run(TestRunner.java:505)
	at org.testng.SuiteRunner.runTest(SuiteRunner.java:455)
	at org.testng.SuiteRunner.access$000(SuiteRunner.java:40)
	at org.testng.SuiteRunner$SuiteWorker.run(SuiteRunner.java:489)
	at org.testng.internal.thread.ThreadUtil$1.call(ThreadUtil.java:52)
	at java.base/java.util.concurrent.FutureTask.run(FutureTask.java:264)
	at java.base/java.util.concurrent.ThreadPoolExecutor.runWorker(ThreadPoolExecutor.java:1136)
	at java.base/java.util.concurrent.ThreadPoolExecutor$Worker.run(ThreadPoolExecutor.java:635)
	at java.base/java.lang.Thread.run(Thread.java:833)

</div> <!-- stack-trace -->
                </div> <!-- method-content -->
              </div> <!-- method -->
              <div class="method">
                <div class="method-content">
                  <a name="userRegisterTest(Aarush, singh, 963256985, Rak@1234, yes)">
                  </a> <!-- userRegisterTest(Aarush, singh, 963256985, Rak@1234, yes) -->
                  <span class="method-name">userRegisterTest</span>
                  <span class="parameters">(Aarush, singh, 963256985, Rak@1234, yes)</span>
                  <div class="stack-trace">java.lang.AssertionError: expected [true] but found [false]
	at org.testng.Assert.fail(Assert.java:96)
	at org.testng.Assert.failNotEquals(Assert.java:776)
	at org.testng.Assert.assertTrue(Assert.java:44)
	at org.testng.Assert.assertTrue(Assert.java:54)
	at com.qa.opencart.tests.RegisterTest.userRegisterTest(RegisterTest.java:53)
	at java.base/jdk.internal.reflect.NativeMethodAccessorImpl.invoke0(Native Method)
	at java.base/jdk.internal.reflect.NativeMethodAccessorImpl.invoke(NativeMethodAccessorImpl.java:77)
	at java.base/jdk.internal.reflect.DelegatingMethodAccessorImpl.invoke(DelegatingMethodAccessorImpl.java:43)
	at java.base/java.lang.reflect.Method.invoke(Method.java:568)
	at org.testng.internal.MethodInvocationHelper.invokeMethod(MethodInvocationHelper.java:124)
	at org.testng.internal.Invoker.invokeMethod(Invoker.java:583)
	at org.testng.internal.Invoker.retryFailed(Invoker.java:839)
	at org.testng.internal.Invoker.invokeTestMethods(Invoker.java:1010)
	at org.testng.internal.TestMethodWorker.invokeTestMethods(TestMethodWorker.java:125)
	at org.testng.internal.TestMethodWorker.run(TestMethodWorker.java:109)
	at org.testng.TestRunner.privateRun(TestRunner.java:648)
	at org.testng.TestRunner.run(TestRunner.java:505)
	at org.testng.SuiteRunner.runTest(SuiteRunner.java:455)
	at org.testng.SuiteRunner.access$000(SuiteRunner.java:40)
	at org.testng.SuiteRunner$SuiteWorker.run(SuiteRunner.java:489)
	at org.testng.internal.thread.ThreadUtil$1.call(ThreadUtil.java:52)
	at java.base/java.util.concurrent.FutureTask.run(FutureTask.java:264)
	at java.base/java.util.concurrent.ThreadPoolExecutor.runWorker(ThreadPoolExecutor.java:1136)
	at java.base/java.util.concurrent.ThreadPoolExecutor$Worker.run(ThreadPoolExecutor.java:635)
	at java.base/java.lang.Thread.run(Thread.java:833)

</div> <!-- stack-trace -->
                </div> <!-- method-content -->
              </div> <!-- method -->
              <div class="method">
                <div class="method-content">
                  <a name="userRegisterTest(Aarush, singh, 963256985, Rak@1234, yes)">
                  </a> <!-- userRegisterTest(Aarush, singh, 963256985, Rak@1234, yes) -->
                  <span class="method-name">userRegisterTest</span>
                  <span class="parameters">(Aarush, singh, 963256985, Rak@1234, yes)</span>
                  <div class="stack-trace">java.lang.AssertionError: expected [true] but found [false]
	at org.testng.Assert.fail(Assert.java:96)
	at org.testng.Assert.failNotEquals(Assert.java:776)
	at org.testng.Assert.assertTrue(Assert.java:44)
	at org.testng.Assert.assertTrue(Assert.java:54)
	at com.qa.opencart.tests.RegisterTest.userRegisterTest(RegisterTest.java:53)
	at java.base/jdk.internal.reflect.NativeMethodAccessorImpl.invoke0(Native Method)
	at java.base/jdk.internal.reflect.NativeMethodAccessorImpl.invoke(NativeMethodAccessorImpl.java:77)
	at java.base/jdk.internal.reflect.DelegatingMethodAccessorImpl.invoke(DelegatingMethodAccessorImpl.java:43)
	at java.base/java.lang.reflect.Method.invoke(Method.java:568)
	at org.testng.internal.MethodInvocationHelper.invokeMethod(MethodInvocationHelper.java:124)
	at org.testng.internal.Invoker.invokeMethod(Invoker.java:583)
	at org.testng.internal.Invoker.retryFailed(Invoker.java:839)
	at org.testng.internal.Invoker.invokeTestMethods(Invoker.java:1010)
	at org.testng.internal.TestMethodWorker.invokeTestMethods(TestMethodWorker.java:125)
	at org.testng.internal.TestMethodWorker.run(TestMethodWorker.java:109)
	at org.testng.TestRunner.privateRun(TestRunner.java:648)
	at org.testng.TestRunner.run(TestRunner.java:505)
	at org.testng.SuiteRunner.runTest(SuiteRunner.java:455)
	at org.testng.SuiteRunner.access$000(SuiteRunner.java:40)
	at org.testng.SuiteRunner$SuiteWorker.run(SuiteRunner.java:489)
	at org.testng.internal.thread.ThreadUtil$1.call(ThreadUtil.java:52)
	at java.base/java.util.concurrent.FutureTask.run(FutureTask.java:264)
	at java.base/java.util.concurrent.ThreadPoolExecutor.runWorker(ThreadPoolExecutor.java:1136)
	at java.base/java.util.concurrent.ThreadPoolExecutor$Worker.run(ThreadPoolExecutor.java:635)
	at java.base/java.lang.Thread.run(Thread.java:833)

</div> <!-- stack-trace -->
                </div> <!-- method-content -->
              </div> <!-- method -->
            </div> <!-- main-panel-content rounded-window-bottom -->
          </div> <!-- suite-Open_Cart_Test_Regression_Suite-class-skipped -->
          <div class="suite-Open_Cart_Test_Regression_Suite-class-skipped">
            <div class="main-panel-header rounded-window-top">
              <img src="skipped.png"/>
              <span class="class-name">com.qa.opencart.tests.LoginPageTest</span>
            </div> <!-- main-panel-header rounded-window-top -->
            <div class="main-panel-content rounded-window-bottom">
              <div class="method">
                <div class="method-content">
                  <a name="verifyFailTest">
                  </a> <!-- verifyFailTest -->
                  <span class="method-name">verifyFailTest</span>
                  <div class="stack-trace">org.openqa.selenium.TimeoutException: Expected condition failed: waiting for title to be &quot;My Account&quot;. Current title: &quot;Account Login&quot; (tried for 5 second(s) with 500 milliseconds interval)
Build info: version: &apos;4.11.0&apos;, revision: &apos;040bc5406b&apos;
System info: os.name: &apos;Windows 10&apos;, os.arch: &apos;amd64&apos;, os.version: &apos;10.0&apos;, java.version: &apos;17.0.2&apos;
Driver info: org.openqa.selenium.remote.RemoteWebDriver
Capabilities {acceptInsecureCerts: false, browserName: chrome, browserVersion: 100.0.4896.60, chrome: {chromedriverVersion: 100.0.4896.20 (f9d71f93d32a..., userDataDir: /tmp/.com.google.Chrome.9tbasc}, goog:chromeOptions: {debuggerAddress: localhost:42023}, networkConnectionEnabled: false, pageLoadStrategy: normal, platformName: linux, proxy: Proxy(), se:cdp: ws://65.0.127.169:4444/devt..., se:cdpVersion: 100.0.4896.60, setWindowRect: true, strictFileInteractability: false, timeouts: {implicit: 0, pageLoad: 300000, script: 30000}, unhandledPromptBehavior: dismiss and notify, webauthn:extension:credBlob: true, webauthn:extension:largeBlob: true, webauthn:virtualAuthenticators: true}
Session ID: 8aadbf2ec4c1d0651c0dd3cd477e8ca4
	at org.openqa.selenium.support.ui.WebDriverWait.timeoutException(WebDriverWait.java:84)
	at org.openqa.selenium.support.ui.FluentWait.until(FluentWait.java:230)
	at com.qa.opencart.utils.ElementUtil.waitForTitleIs(ElementUtil.java:234)
	at com.qa.opencart.pages.LoginPage.getPageTitle(LoginPage.java:44)
	at com.qa.opencart.tests.LoginPageTest.verifyFailTest(LoginPageTest.java:33)
	at java.base/jdk.internal.reflect.NativeMethodAccessorImpl.invoke0(Native Method)
	at java.base/jdk.internal.reflect.NativeMethodAccessorImpl.invoke(NativeMethodAccessorImpl.java:77)
	at java.base/jdk.internal.reflect.DelegatingMethodAccessorImpl.invoke(DelegatingMethodAccessorImpl.java:43)
	at java.base/java.lang.reflect.Method.invoke(Method.java:568)
	at org.testng.internal.MethodInvocationHelper.invokeMethod(MethodInvocationHelper.java:124)
	at org.testng.internal.Invoker.invokeMethod(Invoker.java:583)
	at org.testng.internal.Invoker.retryFailed(Invoker.java:839)
	at org.testng.internal.Invoker.invokeTestMethods(Invoker.java:1010)
	at org.testng.internal.TestMethodWorker.invokeTestMethods(TestMethodWorker.java:125)
	at org.testng.internal.TestMethodWorker.run(TestMethodWorker.java:109)
	at org.testng.TestRunner.privateRun(TestRunner.java:648)
	at org.testng.TestRunner.run(TestRunner.java:505)
	at org.testng.SuiteRunner.runTest(SuiteRunner.java:455)
	at org.testng.SuiteRunner.access$000(SuiteRunner.java:40)
	at org.testng.SuiteRunner$SuiteWorker.run(SuiteRunner.java:489)
	at org.testng.internal.thread.ThreadUtil$1.call(ThreadUtil.java:52)
	at java.base/java.util.concurrent.FutureTask.run(FutureTask.java:264)
	at java.base/java.util.concurrent.ThreadPoolExecutor.runWorker(ThreadPoolExecutor.java:1136)
	at java.base/java.util.concurrent.ThreadPoolExecutor$Worker.run(ThreadPoolExecutor.java:635)
	at java.base/java.lang.Thread.run(Thread.java:833)

</div> <!-- stack-trace -->
                </div> <!-- method-content -->
              </div> <!-- method -->
              <div class="method">
                <div class="method-content">
                  <a name="verifyFailTest">
                  </a> <!-- verifyFailTest -->
                  <span class="method-name">verifyFailTest</span>
                  <div class="stack-trace">org.openqa.selenium.TimeoutException: Expected condition failed: waiting for title to be &quot;My Account&quot;. Current title: &quot;Account Login&quot; (tried for 5 second(s) with 500 milliseconds interval)
Build info: version: &apos;4.11.0&apos;, revision: &apos;040bc5406b&apos;
System info: os.name: &apos;Windows 10&apos;, os.arch: &apos;amd64&apos;, os.version: &apos;10.0&apos;, java.version: &apos;17.0.2&apos;
Driver info: org.openqa.selenium.remote.RemoteWebDriver
Capabilities {acceptInsecureCerts: false, browserName: chrome, browserVersion: 100.0.4896.60, chrome: {chromedriverVersion: 100.0.4896.20 (f9d71f93d32a..., userDataDir: /tmp/.com.google.Chrome.9tbasc}, goog:chromeOptions: {debuggerAddress: localhost:42023}, networkConnectionEnabled: false, pageLoadStrategy: normal, platformName: linux, proxy: Proxy(), se:cdp: ws://65.0.127.169:4444/devt..., se:cdpVersion: 100.0.4896.60, setWindowRect: true, strictFileInteractability: false, timeouts: {implicit: 0, pageLoad: 300000, script: 30000}, unhandledPromptBehavior: dismiss and notify, webauthn:extension:credBlob: true, webauthn:extension:largeBlob: true, webauthn:virtualAuthenticators: true}
Session ID: 8aadbf2ec4c1d0651c0dd3cd477e8ca4
	at org.openqa.selenium.support.ui.WebDriverWait.timeoutException(WebDriverWait.java:84)
	at org.openqa.selenium.support.ui.FluentWait.until(FluentWait.java:230)
	at com.qa.opencart.utils.ElementUtil.waitForTitleIs(ElementUtil.java:234)
	at com.qa.opencart.pages.LoginPage.getPageTitle(LoginPage.java:44)
	at com.qa.opencart.tests.LoginPageTest.verifyFailTest(LoginPageTest.java:33)
	at java.base/jdk.internal.reflect.NativeMethodAccessorImpl.invoke0(Native Method)
	at java.base/jdk.internal.reflect.NativeMethodAccessorImpl.invoke(NativeMethodAccessorImpl.java:77)
	at java.base/jdk.internal.reflect.DelegatingMethodAccessorImpl.invoke(DelegatingMethodAccessorImpl.java:43)
	at java.base/java.lang.reflect.Method.invoke(Method.java:568)
	at org.testng.internal.MethodInvocationHelper.invokeMethod(MethodInvocationHelper.java:124)
	at org.testng.internal.Invoker.invokeMethod(Invoker.java:583)
	at org.testng.internal.Invoker.invokeTestMethod(Invoker.java:719)
	at org.testng.internal.Invoker.invokeTestMethods(Invoker.java:989)
	at org.testng.internal.TestMethodWorker.invokeTestMethods(TestMethodWorker.java:125)
	at org.testng.internal.TestMethodWorker.run(TestMethodWorker.java:109)
	at org.testng.TestRunner.privateRun(TestRunner.java:648)
	at org.testng.TestRunner.run(TestRunner.java:505)
	at org.testng.SuiteRunner.runTest(SuiteRunner.java:455)
	at org.testng.SuiteRunner.access$000(SuiteRunner.java:40)
	at org.testng.SuiteRunner$SuiteWorker.run(SuiteRunner.java:489)
	at org.testng.internal.thread.ThreadUtil$1.call(ThreadUtil.java:52)
	at java.base/java.util.concurrent.FutureTask.run(FutureTask.java:264)
	at java.base/java.util.concurrent.ThreadPoolExecutor.runWorker(ThreadPoolExecutor.java:1136)
	at java.base/java.util.concurrent.ThreadPoolExecutor$Worker.run(ThreadPoolExecutor.java:635)
	at java.base/java.lang.Thread.run(Thread.java:833)

</div> <!-- stack-trace -->
                </div> <!-- method-content -->
              </div> <!-- method -->
              <div class="method">
                <div class="method-content">
                  <a name="verifyFailTest">
                  </a> <!-- verifyFailTest -->
                  <span class="method-name">verifyFailTest</span>
                  <div class="stack-trace">org.openqa.selenium.TimeoutException: Expected condition failed: waiting for title to be &quot;My Account&quot;. Current title: &quot;Account Login&quot; (tried for 5 second(s) with 500 milliseconds interval)
Build info: version: &apos;4.11.0&apos;, revision: &apos;040bc5406b&apos;
System info: os.name: &apos;Windows 10&apos;, os.arch: &apos;amd64&apos;, os.version: &apos;10.0&apos;, java.version: &apos;17.0.2&apos;
Driver info: org.openqa.selenium.remote.RemoteWebDriver
Capabilities {acceptInsecureCerts: false, browserName: chrome, browserVersion: 90.0.4430.72, chrome: {chromedriverVersion: 90.0.4430.24 (4c6d850f087da..., userDataDir: /tmp/.com.google.Chrome.Lq54Fh}, goog:chromeOptions: {debuggerAddress: localhost:34779}, networkConnectionEnabled: false, pageLoadStrategy: normal, platformName: linux, proxy: Proxy(), se:cdp: ws://65.0.127.169:4444/devt..., se:cdpVersion: 90.0.4430.72, setWindowRect: true, strictFileInteractability: false, timeouts: {implicit: 0, pageLoad: 300000, script: 30000}, unhandledPromptBehavior: dismiss and notify, webauthn:extension:largeBlob: true, webauthn:virtualAuthenticators: true}
Session ID: 7a040dbc7ed2614ad70d0f2c9693f057
	at org.openqa.selenium.support.ui.WebDriverWait.timeoutException(WebDriverWait.java:84)
	at org.openqa.selenium.support.ui.FluentWait.until(FluentWait.java:230)
	at com.qa.opencart.utils.ElementUtil.waitForTitleIs(ElementUtil.java:234)
	at com.qa.opencart.pages.LoginPage.getPageTitle(LoginPage.java:44)
	at com.qa.opencart.tests.LoginPageTest.verifyFailTest(LoginPageTest.java:33)
	at java.base/jdk.internal.reflect.NativeMethodAccessorImpl.invoke0(Native Method)
	at java.base/jdk.internal.reflect.NativeMethodAccessorImpl.invoke(NativeMethodAccessorImpl.java:77)
	at java.base/jdk.internal.reflect.DelegatingMethodAccessorImpl.invoke(DelegatingMethodAccessorImpl.java:43)
	at java.base/java.lang.reflect.Method.invoke(Method.java:568)
	at org.testng.internal.MethodInvocationHelper.invokeMethod(MethodInvocationHelper.java:124)
	at org.testng.internal.Invoker.invokeMethod(Invoker.java:583)
	at org.testng.internal.Invoker.invokeTestMethod(Invoker.java:719)
	at org.testng.internal.Invoker.invokeTestMethods(Invoker.java:989)
	at org.testng.internal.TestMethodWorker.invokeTestMethods(TestMethodWorker.java:125)
	at org.testng.internal.TestMethodWorker.run(TestMethodWorker.java:109)
	at org.testng.TestRunner.privateRun(TestRunner.java:648)
	at org.testng.TestRunner.run(TestRunner.java:505)
	at org.testng.SuiteRunner.runTest(SuiteRunner.java:455)
	at org.testng.SuiteRunner.access$000(SuiteRunner.java:40)
	at org.testng.SuiteRunner$SuiteWorker.run(SuiteRunner.java:489)
	at org.testng.internal.thread.ThreadUtil$1.call(ThreadUtil.java:52)
	at java.base/java.util.concurrent.FutureTask.run(FutureTask.java:264)
	at java.base/java.util.concurrent.ThreadPoolExecutor.runWorker(ThreadPoolExecutor.java:1136)
	at java.base/java.util.concurrent.ThreadPoolExecutor$Worker.run(ThreadPoolExecutor.java:635)
	at java.base/java.lang.Thread.run(Thread.java:833)

</div> <!-- stack-trace -->
                </div> <!-- method-content -->
              </div> <!-- method -->
              <div class="method">
                <div class="method-content">
                  <a name="verifyFailTest">
                  </a> <!-- verifyFailTest -->
                  <span class="method-name">verifyFailTest</span>
                  <div class="stack-trace">org.openqa.selenium.TimeoutException: Expected condition failed: waiting for title to be &quot;My Account&quot;. Current title: &quot;Account Login&quot; (tried for 5 second(s) with 500 milliseconds interval)
Build info: version: &apos;4.11.0&apos;, revision: &apos;040bc5406b&apos;
System info: os.name: &apos;Windows 10&apos;, os.arch: &apos;amd64&apos;, os.version: &apos;10.0&apos;, java.version: &apos;17.0.2&apos;
Driver info: org.openqa.selenium.remote.RemoteWebDriver
Capabilities {acceptInsecureCerts: false, browserName: chrome, browserVersion: 90.0.4430.72, chrome: {chromedriverVersion: 90.0.4430.24 (4c6d850f087da..., userDataDir: /tmp/.com.google.Chrome.Lq54Fh}, goog:chromeOptions: {debuggerAddress: localhost:34779}, networkConnectionEnabled: false, pageLoadStrategy: normal, platformName: linux, proxy: Proxy(), se:cdp: ws://65.0.127.169:4444/devt..., se:cdpVersion: 90.0.4430.72, setWindowRect: true, strictFileInteractability: false, timeouts: {implicit: 0, pageLoad: 300000, script: 30000}, unhandledPromptBehavior: dismiss and notify, webauthn:extension:largeBlob: true, webauthn:virtualAuthenticators: true}
Session ID: 7a040dbc7ed2614ad70d0f2c9693f057
	at org.openqa.selenium.support.ui.WebDriverWait.timeoutException(WebDriverWait.java:84)
	at org.openqa.selenium.support.ui.FluentWait.until(FluentWait.java:230)
	at com.qa.opencart.utils.ElementUtil.waitForTitleIs(ElementUtil.java:234)
	at com.qa.opencart.pages.LoginPage.getPageTitle(LoginPage.java:44)
	at com.qa.opencart.tests.LoginPageTest.verifyFailTest(LoginPageTest.java:33)
	at java.base/jdk.internal.reflect.NativeMethodAccessorImpl.invoke0(Native Method)
	at java.base/jdk.internal.reflect.NativeMethodAccessorImpl.invoke(NativeMethodAccessorImpl.java:77)
	at java.base/jdk.internal.reflect.DelegatingMethodAccessorImpl.invoke(DelegatingMethodAccessorImpl.java:43)
	at java.base/java.lang.reflect.Method.invoke(Method.java:568)
	at org.testng.internal.MethodInvocationHelper.invokeMethod(MethodInvocationHelper.java:124)
	at org.testng.internal.Invoker.invokeMethod(Invoker.java:583)
	at org.testng.internal.Invoker.retryFailed(Invoker.java:839)
	at org.testng.internal.Invoker.invokeTestMethods(Invoker.java:1010)
	at org.testng.internal.TestMethodWorker.invokeTestMethods(TestMethodWorker.java:125)
	at org.testng.internal.TestMethodWorker.run(TestMethodWorker.java:109)
	at org.testng.TestRunner.privateRun(TestRunner.java:648)
	at org.testng.TestRunner.run(TestRunner.java:505)
	at org.testng.SuiteRunner.runTest(SuiteRunner.java:455)
	at org.testng.SuiteRunner.access$000(SuiteRunner.java:40)
	at org.testng.SuiteRunner$SuiteWorker.run(SuiteRunner.java:489)
	at org.testng.internal.thread.ThreadUtil$1.call(ThreadUtil.java:52)
	at java.base/java.util.concurrent.FutureTask.run(FutureTask.java:264)
	at java.base/java.util.concurrent.ThreadPoolExecutor.runWorker(ThreadPoolExecutor.java:1136)
	at java.base/java.util.concurrent.ThreadPoolExecutor$Worker.run(ThreadPoolExecutor.java:635)
	at java.base/java.lang.Thread.run(Thread.java:833)

</div> <!-- stack-trace -->
                </div> <!-- method-content -->
              </div> <!-- method -->
              <div class="method">
                <div class="method-content">
                  <a name="verifyLoginPageTitle">
                  </a> <!-- verifyLoginPageTitle -->
                  <span class="method-name">verifyLoginPageTitle</span>
                  <div class="stack-trace">org.openqa.selenium.TimeoutException: Expected condition failed: waiting for title to be &quot;My Account&quot;. Current title: &quot;Account Login&quot; (tried for 5 second(s) with 500 milliseconds interval)
Build info: version: &apos;4.11.0&apos;, revision: &apos;040bc5406b&apos;
System info: os.name: &apos;Windows 10&apos;, os.arch: &apos;amd64&apos;, os.version: &apos;10.0&apos;, java.version: &apos;17.0.2&apos;
Driver info: org.openqa.selenium.remote.RemoteWebDriver
Capabilities {acceptInsecureCerts: false, browserName: chrome, browserVersion: 100.0.4896.60, chrome: {chromedriverVersion: 100.0.4896.20 (f9d71f93d32a..., userDataDir: /tmp/.com.google.Chrome.9tbasc}, goog:chromeOptions: {debuggerAddress: localhost:42023}, networkConnectionEnabled: false, pageLoadStrategy: normal, platformName: linux, proxy: Proxy(), se:cdp: ws://65.0.127.169:4444/devt..., se:cdpVersion: 100.0.4896.60, setWindowRect: true, strictFileInteractability: false, timeouts: {implicit: 0, pageLoad: 300000, script: 30000}, unhandledPromptBehavior: dismiss and notify, webauthn:extension:credBlob: true, webauthn:extension:largeBlob: true, webauthn:virtualAuthenticators: true}
Session ID: 8aadbf2ec4c1d0651c0dd3cd477e8ca4
	at org.openqa.selenium.support.ui.WebDriverWait.timeoutException(WebDriverWait.java:84)
	at org.openqa.selenium.support.ui.FluentWait.until(FluentWait.java:230)
	at com.qa.opencart.utils.ElementUtil.waitForTitleIs(ElementUtil.java:234)
	at com.qa.opencart.pages.LoginPage.getPageTitle(LoginPage.java:44)
	at com.qa.opencart.tests.LoginPageTest.verifyLoginPageTitle(LoginPageTest.java:27)
	at java.base/jdk.internal.reflect.NativeMethodAccessorImpl.invoke0(Native Method)
	at java.base/jdk.internal.reflect.NativeMethodAccessorImpl.invoke(NativeMethodAccessorImpl.java:77)
	at java.base/jdk.internal.reflect.DelegatingMethodAccessorImpl.invoke(DelegatingMethodAccessorImpl.java:43)
	at java.base/java.lang.reflect.Method.invoke(Method.java:568)
	at org.testng.internal.MethodInvocationHelper.invokeMethod(MethodInvocationHelper.java:124)
	at org.testng.internal.Invoker.invokeMethod(Invoker.java:583)
	at org.testng.internal.Invoker.invokeTestMethod(Invoker.java:719)
	at org.testng.internal.Invoker.invokeTestMethods(Invoker.java:989)
	at org.testng.internal.TestMethodWorker.invokeTestMethods(TestMethodWorker.java:125)
	at org.testng.internal.TestMethodWorker.run(TestMethodWorker.java:109)
	at org.testng.TestRunner.privateRun(TestRunner.java:648)
	at org.testng.TestRunner.run(TestRunner.java:505)
	at org.testng.SuiteRunner.runTest(SuiteRunner.java:455)
	at org.testng.SuiteRunner.access$000(SuiteRunner.java:40)
	at org.testng.SuiteRunner$SuiteWorker.run(SuiteRunner.java:489)
	at org.testng.internal.thread.ThreadUtil$1.call(ThreadUtil.java:52)
	at java.base/java.util.concurrent.FutureTask.run(FutureTask.java:264)
	at java.base/java.util.concurrent.ThreadPoolExecutor.runWorker(ThreadPoolExecutor.java:1136)
	at java.base/java.util.concurrent.ThreadPoolExecutor$Worker.run(ThreadPoolExecutor.java:635)
	at java.base/java.lang.Thread.run(Thread.java:833)

</div> <!-- stack-trace -->
                </div> <!-- method-content -->
              </div> <!-- method -->
              <div class="method">
                <div class="method-content">
                  <a name="verifyLoginPageTitle">
                  </a> <!-- verifyLoginPageTitle -->
                  <span class="method-name">verifyLoginPageTitle</span>
                  <div class="stack-trace">org.openqa.selenium.TimeoutException: Expected condition failed: waiting for title to be &quot;My Account&quot;. Current title: &quot;Account Login&quot; (tried for 5 second(s) with 500 milliseconds interval)
Build info: version: &apos;4.11.0&apos;, revision: &apos;040bc5406b&apos;
System info: os.name: &apos;Windows 10&apos;, os.arch: &apos;amd64&apos;, os.version: &apos;10.0&apos;, java.version: &apos;17.0.2&apos;
Driver info: org.openqa.selenium.remote.RemoteWebDriver
Capabilities {acceptInsecureCerts: false, browserName: chrome, browserVersion: 100.0.4896.60, chrome: {chromedriverVersion: 100.0.4896.20 (f9d71f93d32a..., userDataDir: /tmp/.com.google.Chrome.9tbasc}, goog:chromeOptions: {debuggerAddress: localhost:42023}, networkConnectionEnabled: false, pageLoadStrategy: normal, platformName: linux, proxy: Proxy(), se:cdp: ws://65.0.127.169:4444/devt..., se:cdpVersion: 100.0.4896.60, setWindowRect: true, strictFileInteractability: false, timeouts: {implicit: 0, pageLoad: 300000, script: 30000}, unhandledPromptBehavior: dismiss and notify, webauthn:extension:credBlob: true, webauthn:extension:largeBlob: true, webauthn:virtualAuthenticators: true}
Session ID: 8aadbf2ec4c1d0651c0dd3cd477e8ca4
	at org.openqa.selenium.support.ui.WebDriverWait.timeoutException(WebDriverWait.java:84)
	at org.openqa.selenium.support.ui.FluentWait.until(FluentWait.java:230)
	at com.qa.opencart.utils.ElementUtil.waitForTitleIs(ElementUtil.java:234)
	at com.qa.opencart.pages.LoginPage.getPageTitle(LoginPage.java:44)
	at com.qa.opencart.tests.LoginPageTest.verifyLoginPageTitle(LoginPageTest.java:27)
	at java.base/jdk.internal.reflect.NativeMethodAccessorImpl.invoke0(Native Method)
	at java.base/jdk.internal.reflect.NativeMethodAccessorImpl.invoke(NativeMethodAccessorImpl.java:77)
	at java.base/jdk.internal.reflect.DelegatingMethodAccessorImpl.invoke(DelegatingMethodAccessorImpl.java:43)
	at java.base/java.lang.reflect.Method.invoke(Method.java:568)
	at org.testng.internal.MethodInvocationHelper.invokeMethod(MethodInvocationHelper.java:124)
	at org.testng.internal.Invoker.invokeMethod(Invoker.java:583)
	at org.testng.internal.Invoker.retryFailed(Invoker.java:839)
	at org.testng.internal.Invoker.invokeTestMethods(Invoker.java:1010)
	at org.testng.internal.TestMethodWorker.invokeTestMethods(TestMethodWorker.java:125)
	at org.testng.internal.TestMethodWorker.run(TestMethodWorker.java:109)
	at org.testng.TestRunner.privateRun(TestRunner.java:648)
	at org.testng.TestRunner.run(TestRunner.java:505)
	at org.testng.SuiteRunner.runTest(SuiteRunner.java:455)
	at org.testng.SuiteRunner.access$000(SuiteRunner.java:40)
	at org.testng.SuiteRunner$SuiteWorker.run(SuiteRunner.java:489)
	at org.testng.internal.thread.ThreadUtil$1.call(ThreadUtil.java:52)
	at java.base/java.util.concurrent.FutureTask.run(FutureTask.java:264)
	at java.base/java.util.concurrent.ThreadPoolExecutor.runWorker(ThreadPoolExecutor.java:1136)
	at java.base/java.util.concurrent.ThreadPoolExecutor$Worker.run(ThreadPoolExecutor.java:635)
	at java.base/java.lang.Thread.run(Thread.java:833)

</div> <!-- stack-trace -->
                </div> <!-- method-content -->
              </div> <!-- method -->
              <div class="method">
                <div class="method-content">
                  <a name="verifyLoginPageTitle">
                  </a> <!-- verifyLoginPageTitle -->
                  <span class="method-name">verifyLoginPageTitle</span>
                  <div class="stack-trace">org.openqa.selenium.TimeoutException: Expected condition failed: waiting for title to be &quot;My Account&quot;. Current title: &quot;Account Login&quot; (tried for 5 second(s) with 500 milliseconds interval)
Build info: version: &apos;4.11.0&apos;, revision: &apos;040bc5406b&apos;
System info: os.name: &apos;Windows 10&apos;, os.arch: &apos;amd64&apos;, os.version: &apos;10.0&apos;, java.version: &apos;17.0.2&apos;
Driver info: org.openqa.selenium.remote.RemoteWebDriver
Capabilities {acceptInsecureCerts: false, browserName: chrome, browserVersion: 90.0.4430.72, chrome: {chromedriverVersion: 90.0.4430.24 (4c6d850f087da..., userDataDir: /tmp/.com.google.Chrome.Lq54Fh}, goog:chromeOptions: {debuggerAddress: localhost:34779}, networkConnectionEnabled: false, pageLoadStrategy: normal, platformName: linux, proxy: Proxy(), se:cdp: ws://65.0.127.169:4444/devt..., se:cdpVersion: 90.0.4430.72, setWindowRect: true, strictFileInteractability: false, timeouts: {implicit: 0, pageLoad: 300000, script: 30000}, unhandledPromptBehavior: dismiss and notify, webauthn:extension:largeBlob: true, webauthn:virtualAuthenticators: true}
Session ID: 7a040dbc7ed2614ad70d0f2c9693f057
	at org.openqa.selenium.support.ui.WebDriverWait.timeoutException(WebDriverWait.java:84)
	at org.openqa.selenium.support.ui.FluentWait.until(FluentWait.java:230)
	at com.qa.opencart.utils.ElementUtil.waitForTitleIs(ElementUtil.java:234)
	at com.qa.opencart.pages.LoginPage.getPageTitle(LoginPage.java:44)
	at com.qa.opencart.tests.LoginPageTest.verifyLoginPageTitle(LoginPageTest.java:27)
	at java.base/jdk.internal.reflect.NativeMethodAccessorImpl.invoke0(Native Method)
	at java.base/jdk.internal.reflect.NativeMethodAccessorImpl.invoke(NativeMethodAccessorImpl.java:77)
	at java.base/jdk.internal.reflect.DelegatingMethodAccessorImpl.invoke(DelegatingMethodAccessorImpl.java:43)
	at java.base/java.lang.reflect.Method.invoke(Method.java:568)
	at org.testng.internal.MethodInvocationHelper.invokeMethod(MethodInvocationHelper.java:124)
	at org.testng.internal.Invoker.invokeMethod(Invoker.java:583)
	at org.testng.internal.Invoker.invokeTestMethod(Invoker.java:719)
	at org.testng.internal.Invoker.invokeTestMethods(Invoker.java:989)
	at org.testng.internal.TestMethodWorker.invokeTestMethods(TestMethodWorker.java:125)
	at org.testng.internal.TestMethodWorker.run(TestMethodWorker.java:109)
	at org.testng.TestRunner.privateRun(TestRunner.java:648)
	at org.testng.TestRunner.run(TestRunner.java:505)
	at org.testng.SuiteRunner.runTest(SuiteRunner.java:455)
	at org.testng.SuiteRunner.access$000(SuiteRunner.java:40)
	at org.testng.SuiteRunner$SuiteWorker.run(SuiteRunner.java:489)
	at org.testng.internal.thread.ThreadUtil$1.call(ThreadUtil.java:52)
	at java.base/java.util.concurrent.FutureTask.run(FutureTask.java:264)
	at java.base/java.util.concurrent.ThreadPoolExecutor.runWorker(ThreadPoolExecutor.java:1136)
	at java.base/java.util.concurrent.ThreadPoolExecutor$Worker.run(ThreadPoolExecutor.java:635)
	at java.base/java.lang.Thread.run(Thread.java:833)

</div> <!-- stack-trace -->
                </div> <!-- method-content -->
              </div> <!-- method -->
              <div class="method">
                <div class="method-content">
                  <a name="verifyLoginPageTitle">
                  </a> <!-- verifyLoginPageTitle -->
                  <span class="method-name">verifyLoginPageTitle</span>
                  <div class="stack-trace">org.openqa.selenium.TimeoutException: Expected condition failed: waiting for title to be &quot;My Account&quot;. Current title: &quot;Account Login&quot; (tried for 5 second(s) with 500 milliseconds interval)
Build info: version: &apos;4.11.0&apos;, revision: &apos;040bc5406b&apos;
System info: os.name: &apos;Windows 10&apos;, os.arch: &apos;amd64&apos;, os.version: &apos;10.0&apos;, java.version: &apos;17.0.2&apos;
Driver info: org.openqa.selenium.remote.RemoteWebDriver
Capabilities {acceptInsecureCerts: false, browserName: chrome, browserVersion: 90.0.4430.72, chrome: {chromedriverVersion: 90.0.4430.24 (4c6d850f087da..., userDataDir: /tmp/.com.google.Chrome.Lq54Fh}, goog:chromeOptions: {debuggerAddress: localhost:34779}, networkConnectionEnabled: false, pageLoadStrategy: normal, platformName: linux, proxy: Proxy(), se:cdp: ws://65.0.127.169:4444/devt..., se:cdpVersion: 90.0.4430.72, setWindowRect: true, strictFileInteractability: false, timeouts: {implicit: 0, pageLoad: 300000, script: 30000}, unhandledPromptBehavior: dismiss and notify, webauthn:extension:largeBlob: true, webauthn:virtualAuthenticators: true}
Session ID: 7a040dbc7ed2614ad70d0f2c9693f057
	at org.openqa.selenium.support.ui.WebDriverWait.timeoutException(WebDriverWait.java:84)
	at org.openqa.selenium.support.ui.FluentWait.until(FluentWait.java:230)
	at com.qa.opencart.utils.ElementUtil.waitForTitleIs(ElementUtil.java:234)
	at com.qa.opencart.pages.LoginPage.getPageTitle(LoginPage.java:44)
	at com.qa.opencart.tests.LoginPageTest.verifyLoginPageTitle(LoginPageTest.java:27)
	at java.base/jdk.internal.reflect.NativeMethodAccessorImpl.invoke0(Native Method)
	at java.base/jdk.internal.reflect.NativeMethodAccessorImpl.invoke(NativeMethodAccessorImpl.java:77)
	at java.base/jdk.internal.reflect.DelegatingMethodAccessorImpl.invoke(DelegatingMethodAccessorImpl.java:43)
	at java.base/java.lang.reflect.Method.invoke(Method.java:568)
	at org.testng.internal.MethodInvocationHelper.invokeMethod(MethodInvocationHelper.java:124)
	at org.testng.internal.Invoker.invokeMethod(Invoker.java:583)
	at org.testng.internal.Invoker.retryFailed(Invoker.java:839)
	at org.testng.internal.Invoker.invokeTestMethods(Invoker.java:1010)
	at org.testng.internal.TestMethodWorker.invokeTestMethods(TestMethodWorker.java:125)
	at org.testng.internal.TestMethodWorker.run(TestMethodWorker.java:109)
	at org.testng.TestRunner.privateRun(TestRunner.java:648)
	at org.testng.TestRunner.run(TestRunner.java:505)
	at org.testng.SuiteRunner.runTest(SuiteRunner.java:455)
	at org.testng.SuiteRunner.access$000(SuiteRunner.java:40)
	at org.testng.SuiteRunner$SuiteWorker.run(SuiteRunner.java:489)
	at org.testng.internal.thread.ThreadUtil$1.call(ThreadUtil.java:52)
	at java.base/java.util.concurrent.FutureTask.run(FutureTask.java:264)
	at java.base/java.util.concurrent.ThreadPoolExecutor.runWorker(ThreadPoolExecutor.java:1136)
	at java.base/java.util.concurrent.ThreadPoolExecutor$Worker.run(ThreadPoolExecutor.java:635)
	at java.base/java.lang.Thread.run(Thread.java:833)

</div> <!-- stack-trace -->
                </div> <!-- method-content -->
              </div> <!-- method -->
            </div> <!-- main-panel-content rounded-window-bottom -->
          </div> <!-- suite-Open_Cart_Test_Regression_Suite-class-skipped -->
          <div class="suite-Open_Cart_Test_Regression_Suite-class-passed">
            <div class="main-panel-header rounded-window-top">
              <img src="passed.png"/>
              <span class="class-name">com.qa.opencart.tests.RegisterTest</span>
            </div> <!-- main-panel-header rounded-window-top -->
            <div class="main-panel-content rounded-window-bottom">
              <div class="method">
                <div class="method-content">
                  <a name="userRegisterTest(Rakesh, k, 963256985, Rak@1234, yes)">
                  </a> <!-- userRegisterTest(Rakesh, k, 963256985, Rak@1234, yes) -->
                  <span class="method-name">userRegisterTest</span>
                  <span class="parameters">(Rakesh, k, 963256985, Rak@1234, yes)</span>
                </div> <!-- method-content -->
              </div> <!-- method -->
              <div class="method">
                <div class="method-content">
                  <a name="userRegisterTest(nehah, k, 963256985, Rak@1234, yes)">
                  </a> <!-- userRegisterTest(nehah, k, 963256985, Rak@1234, yes) -->
                  <span class="method-name">userRegisterTest</span>
                  <span class="parameters">(nehah, k, 963256985, Rak@1234, yes)</span>
                </div> <!-- method-content -->
              </div> <!-- method -->
            </div> <!-- main-panel-content rounded-window-bottom -->
          </div> <!-- suite-Open_Cart_Test_Regression_Suite-class-passed -->
          <div class="suite-Open_Cart_Test_Regression_Suite-class-passed">
            <div class="main-panel-header rounded-window-top">
              <img src="passed.png"/>
              <span class="class-name">com.qa.opencart.tests.SearchResultPageTest</span>
            </div> <!-- main-panel-header rounded-window-top -->
            <div class="main-panel-content rounded-window-bottom">
              <div class="method">
                <div class="method-content">
                  <a name="ProductDesc">
                  </a> <!-- ProductDesc -->
                  <span class="method-name">ProductDesc</span>
                </div> <!-- method-content -->
              </div> <!-- method -->
              <div class="method">
                <div class="method-content">
                  <a name="doSearch(Apple)">
                  </a> <!-- doSearch(Apple) -->
                  <span class="method-name">doSearch</span>
                  <span class="parameters">(Apple)</span>
                </div> <!-- method-content -->
              </div> <!-- method -->
              <div class="method">
                <div class="method-content">
                  <a name="doSearch(MacBook)">
                  </a> <!-- doSearch(MacBook) -->
                  <span class="method-name">doSearch</span>
                  <span class="parameters">(MacBook)</span>
                </div> <!-- method-content -->
              </div> <!-- method -->
              <div class="method">
                <div class="method-content">
                  <a name="doSearch(Imac)">
                  </a> <!-- doSearch(Imac) -->
                  <span class="method-name">doSearch</span>
                  <span class="parameters">(Imac)</span>
                </div> <!-- method-content -->
              </div> <!-- method -->
              <div class="method">
                <div class="method-content">
                  <a name="doSearch(samsung)">
                  </a> <!-- doSearch(samsung) -->
                  <span class="method-name">doSearch</span>
                  <span class="parameters">(samsung)</span>
                </div> <!-- method-content -->
              </div> <!-- method -->
              <div class="method">
                <div class="method-content">
                  <a name="imagesCountTest(MacBook, MacBook Pro, 4)">
                  </a> <!-- imagesCountTest(MacBook, MacBook Pro, 4) -->
                  <span class="method-name">imagesCountTest</span>
                  <span class="parameters">(MacBook, MacBook Pro, 4)</span>
                </div> <!-- method-content -->
              </div> <!-- method -->
              <div class="method">
                <div class="method-content">
                  <a name="imagesCountTest(Apple, Apple Cinema 30&quot;, 6)">
                  </a> <!-- imagesCountTest(Apple, Apple Cinema 30", 6) -->
                  <span class="method-name">imagesCountTest</span>
                  <span class="parameters">(Apple, Apple Cinema 30", 6)</span>
                </div> <!-- method-content -->
              </div> <!-- method -->
              <div class="method">
                <div class="method-content">
                  <a name="imagesCountTest(iMac, iMac, 3)">
                  </a> <!-- imagesCountTest(iMac, iMac, 3) -->
                  <span class="method-name">imagesCountTest</span>
                  <span class="parameters">(iMac, iMac, 3)</span>
                </div> <!-- method-content -->
              </div> <!-- method -->
              <div class="method">
                <div class="method-content">
                  <a name="imagesCountTest(Samsung, Samsung SyncMaster 941BW, 1)">
                  </a> <!-- imagesCountTest(Samsung, Samsung SyncMaster 941BW, 1) -->
                  <span class="method-name">imagesCountTest</span>
                  <span class="parameters">(Samsung, Samsung SyncMaster 941BW, 1)</span>
                </div> <!-- method-content -->
              </div> <!-- method -->
              <div class="method">
                <div class="method-content">
                  <a name="productDtaTest">
                  </a> <!-- productDtaTest -->
                  <span class="method-name">productDtaTest</span>
                </div> <!-- method-content -->
              </div> <!-- method -->
              <div class="method">
                <div class="method-content">
                  <a name="productInfoTest(Apple, Apple Cinema 30&quot;)">
                  </a> <!-- productInfoTest(Apple, Apple Cinema 30") -->
                  <span class="method-name">productInfoTest</span>
                  <span class="parameters">(Apple, Apple Cinema 30")</span>
                </div> <!-- method-content -->
              </div> <!-- method -->
              <div class="method">
                <div class="method-content">
                  <a name="productInfoTest(iMac, iMac)">
                  </a> <!-- productInfoTest(iMac, iMac) -->
                  <span class="method-name">productInfoTest</span>
                  <span class="parameters">(iMac, iMac)</span>
                </div> <!-- method-content -->
              </div> <!-- method -->
              <div class="method">
                <div class="method-content">
                  <a name="productInfoTest(Samsung, Samsung SyncMaster 941BW)">
                  </a> <!-- productInfoTest(Samsung, Samsung SyncMaster 941BW) -->
                  <span class="method-name">productInfoTest</span>
                  <span class="parameters">(Samsung, Samsung SyncMaster 941BW)</span>
                </div> <!-- method-content -->
              </div> <!-- method -->
              <div class="method">
                <div class="method-content">
                  <a name="productInfoTest(MacBook, MacBook Pro)">
                  </a> <!-- productInfoTest(MacBook, MacBook Pro) -->
                  <span class="method-name">productInfoTest</span>
                  <span class="parameters">(MacBook, MacBook Pro)</span>
                </div> <!-- method-content -->
              </div> <!-- method -->
            </div> <!-- main-panel-content rounded-window-bottom -->
          </div> <!-- suite-Open_Cart_Test_Regression_Suite-class-passed -->
          <div class="suite-Open_Cart_Test_Regression_Suite-class-passed">
            <div class="main-panel-header rounded-window-top">
              <img src="passed.png"/>
              <span class="class-name">com.qa.opencart.tests.AccountPageTest</span>
            </div> <!-- main-panel-header rounded-window-top -->
            <div class="main-panel-content rounded-window-bottom">
              <div class="method">
                <div class="method-content">
                  <a name="accountTitleTest">
                  </a> <!-- accountTitleTest -->
                  <span class="method-name">accountTitleTest</span>
                </div> <!-- method-content -->
              </div> <!-- method -->
              <div class="method">
                <div class="method-content">
                  <a name="addToCartButtonPresent">
                  </a> <!-- addToCartButtonPresent -->
                  <span class="method-name">addToCartButtonPresent</span>
                </div> <!-- method-content -->
              </div> <!-- method -->
              <div class="method">
                <div class="method-content">
                  <a name="footerLinkAllList">
                  </a> <!-- footerLinkAllList -->
                  <span class="method-name">footerLinkAllList</span>
                </div> <!-- method-content -->
              </div> <!-- method -->
              <div class="method">
                <div class="method-content">
                  <a name="getContentMainHeaderList">
                  </a> <!-- getContentMainHeaderList -->
                  <span class="method-name">getContentMainHeaderList</span>
                </div> <!-- method-content -->
              </div> <!-- method -->
              <div class="method">
                <div class="method-content">
                  <a name="getPageUrlTest">
                  </a> <!-- getPageUrlTest -->
                  <span class="method-name">getPageUrlTest</span>
                </div> <!-- method-content -->
              </div> <!-- method -->
              <div class="method">
                <div class="method-content">
                  <a name="homePageHeader">
                  </a> <!-- homePageHeader -->
                  <span class="method-name">homePageHeader</span>
                </div> <!-- method-content -->
              </div> <!-- method -->
              <div class="method">
                <div class="method-content">
                  <a name="logoutLinkPresent">
                  </a> <!-- logoutLinkPresent -->
                  <span class="method-name">logoutLinkPresent</span>
                </div> <!-- method-content -->
              </div> <!-- method -->
              <div class="method">
                <div class="method-content">
                  <a name="myAccountPresent">
                  </a> <!-- myAccountPresent -->
                  <span class="method-name">myAccountPresent</span>
                </div> <!-- method-content -->
              </div> <!-- method -->
              <div class="method">
                <div class="method-content">
                  <a name="searchBoxPresent">
                  </a> <!-- searchBoxPresent -->
                  <span class="method-name">searchBoxPresent</span>
                </div> <!-- method-content -->
              </div> <!-- method -->
              <div class="method">
                <div class="method-content">
                  <a name="userLogOutPage">
                  </a> <!-- userLogOutPage -->
                  <span class="method-name">userLogOutPage</span>
                </div> <!-- method-content -->
              </div> <!-- method -->
            </div> <!-- main-panel-content rounded-window-bottom -->
          </div> <!-- suite-Open_Cart_Test_Regression_Suite-class-passed -->
          <div class="suite-Open_Cart_Test_Regression_Suite-class-passed">
            <div class="main-panel-header rounded-window-top">
              <img src="passed.png"/>
              <span class="class-name">com.qa.opencart.tests.LoginPageTest</span>
            </div> <!-- main-panel-header rounded-window-top -->
            <div class="main-panel-content rounded-window-bottom">
              <div class="method">
                <div class="method-content">
                  <a name="verifyEmailAddressFieldIsPresent">
                  </a> <!-- verifyEmailAddressFieldIsPresent -->
                  <span class="method-name">verifyEmailAddressFieldIsPresent</span>
                </div> <!-- method-content -->
              </div> <!-- method -->
              <div class="method">
                <div class="method-content">
                  <a name="verifyEmailAddressFieldIsPresent">
                  </a> <!-- verifyEmailAddressFieldIsPresent -->
                  <span class="method-name">verifyEmailAddressFieldIsPresent</span>
                </div> <!-- method-content -->
              </div> <!-- method -->
              <div class="method">
                <div class="method-content">
                  <a name="verifyLoginLinkIsPresent">
                  </a> <!-- verifyLoginLinkIsPresent -->
                  <span class="method-name">verifyLoginLinkIsPresent</span>
                </div> <!-- method-content -->
              </div> <!-- method -->
              <div class="method">
                <div class="method-content">
                  <a name="verifyLoginLinkIsPresent">
                  </a> <!-- verifyLoginLinkIsPresent -->
                  <span class="method-name">verifyLoginLinkIsPresent</span>
                </div> <!-- method-content -->
              </div> <!-- method -->
              <div class="method">
                <div class="method-content">
                  <a name="verifyLoginPageUrl">
                  </a> <!-- verifyLoginPageUrl -->
                  <span class="method-name">verifyLoginPageUrl</span>
                </div> <!-- method-content -->
              </div> <!-- method -->
              <div class="method">
                <div class="method-content">
                  <a name="verifyLoginPageUrl">
                  </a> <!-- verifyLoginPageUrl -->
                  <span class="method-name">verifyLoginPageUrl</span>
                </div> <!-- method-content -->
              </div> <!-- method -->
              <div class="method">
                <div class="method-content">
                  <a name="verifyPasswordFieldIsPresent">
                  </a> <!-- verifyPasswordFieldIsPresent -->
                  <span class="method-name">verifyPasswordFieldIsPresent</span>
                </div> <!-- method-content -->
              </div> <!-- method -->
              <div class="method">
                <div class="method-content">
                  <a name="verifyPasswordFieldIsPresent">
                  </a> <!-- verifyPasswordFieldIsPresent -->
                  <span class="method-name">verifyPasswordFieldIsPresent</span>
                </div> <!-- method-content -->
              </div> <!-- method -->
              <div class="method">
                <div class="method-content">
                  <a name="verifyRegisterFieldIsPresent">
                  </a> <!-- verifyRegisterFieldIsPresent -->
                  <span class="method-name">verifyRegisterFieldIsPresent</span>
                </div> <!-- method-content -->
              </div> <!-- method -->
              <div class="method">
                <div class="method-content">
                  <a name="verifyRegisterFieldIsPresent">
                  </a> <!-- verifyRegisterFieldIsPresent -->
                  <span class="method-name">verifyRegisterFieldIsPresent</span>
                </div> <!-- method-content -->
              </div> <!-- method -->
              <div class="method">
                <div class="method-content">
                  <a name="verifyReturningCustomerTextIsPresent">
                  </a> <!-- verifyReturningCustomerTextIsPresent -->
                  <span class="method-name">verifyReturningCustomerTextIsPresent</span>
                </div> <!-- method-content -->
              </div> <!-- method -->
              <div class="method">
                <div class="method-content">
                  <a name="verifyReturningCustomerTextIsPresent">
                  </a> <!-- verifyReturningCustomerTextIsPresent -->
                  <span class="method-name">verifyReturningCustomerTextIsPresent</span>
                </div> <!-- method-content -->
              </div> <!-- method -->
              <div class="method">
                <div class="method-content">
                  <a name="verifySearchBoxIsPresent">
                  </a> <!-- verifySearchBoxIsPresent -->
                  <span class="method-name">verifySearchBoxIsPresent</span>
                </div> <!-- method-content -->
              </div> <!-- method -->
              <div class="method">
                <div class="method-content">
                  <a name="verifySearchBoxIsPresent">
                  </a> <!-- verifySearchBoxIsPresent -->
                  <span class="method-name">verifySearchBoxIsPresent</span>
                </div> <!-- method-content -->
              </div> <!-- method -->
              <div class="method">
                <div class="method-content">
                  <a name="verifySuccessfulLogin">
                  </a> <!-- verifySuccessfulLogin -->
                  <span class="method-name">verifySuccessfulLogin</span>
                </div> <!-- method-content -->
              </div> <!-- method -->
              <div class="method">
                <div class="method-content">
                  <a name="verifySuccessfulLogin">
                  </a> <!-- verifySuccessfulLogin -->
                  <span class="method-name">verifySuccessfulLogin</span>
                </div> <!-- method-content -->
              </div> <!-- method -->
            </div> <!-- main-panel-content rounded-window-bottom -->
          </div> <!-- suite-Open_Cart_Test_Regression_Suite-class-passed -->
        </div> <!-- panel Open_Cart_Test_Regression_Suite -->
        <div panel-name="test-xml-Open_Cart_Test_Regression_Suite" class="panel">
          <div class="main-panel-header rounded-window-top">
            <span class="header-content">D:\NaveenAutomation_Feb2022\May2024POMSeries\src\test\resources\testrunners\testng_regression.xml</span>
          </div> <!-- main-panel-header rounded-window-top -->
          <div class="main-panel-content rounded-window-bottom">
            <pre>
&lt;?xml version=&quot;1.0&quot; encoding=&quot;UTF-8&quot;?&gt;
&lt;!DOCTYPE suite SYSTEM &quot;http://testng.org/testng-1.0.dtd&quot;&gt;
&lt;suite thread-count=&quot;4&quot; parallel=&quot;tests&quot; name=&quot;Open Cart Test Regression Suite&quot; guice-stage=&quot;DEVELOPMENT&quot; verbose=&quot;4&quot;&gt;
  &lt;listeners&gt;
    &lt;listener class-name=&quot;com.qa.opencart.listeners.ExtentReportListener&quot;/&gt;
    &lt;listener class-name=&quot;com.qa.opencart.listeners.TestAllureListener&quot;/&gt;
    &lt;listener class-name=&quot;com.qa.opencart.listeners.AnnotationTransformer&quot;/&gt;
  &lt;/listeners&gt;
  &lt;test thread-count=&quot;4&quot; parallel=&quot;tests&quot; name=&quot;Open Cart Login Page Test - Chrome 90&quot; verbose=&quot;4&quot;&gt;
    &lt;parameter name=&quot;browser&quot; value=&quot;chrome&quot;/&gt;
    &lt;parameter name=&quot;browserversion&quot; value=&quot;90.0&quot;/&gt;
    &lt;classes&gt;
      &lt;class name=&quot;com.qa.opencart.tests.LoginPageTest&quot;/&gt;
    &lt;/classes&gt;
  &lt;/test&gt; &lt;!-- Open Cart Login Page Test - Chrome 90 --&gt;
  &lt;test thread-count=&quot;4&quot; parallel=&quot;tests&quot; name=&quot;Open Cart Login Page Test - Chrome 100&quot; verbose=&quot;4&quot;&gt;
    &lt;parameter name=&quot;browser&quot; value=&quot;chrome&quot;/&gt;
    &lt;parameter name=&quot;browserversion&quot; value=&quot;100.0&quot;/&gt;
    &lt;classes&gt;
      &lt;class name=&quot;com.qa.opencart.tests.LoginPageTest&quot;/&gt;
    &lt;/classes&gt;
  &lt;/test&gt; &lt;!-- Open Cart Login Page Test - Chrome 100 --&gt;
  &lt;test thread-count=&quot;4&quot; parallel=&quot;tests&quot; name=&quot;Open Cart Accounts Page Test - Chrome 100&quot; verbose=&quot;4&quot;&gt;
    &lt;parameter name=&quot;browser&quot; value=&quot;chrome&quot;/&gt;
    &lt;parameter name=&quot;browserversion&quot; value=&quot;100.0&quot;/&gt;
    &lt;classes&gt;
      &lt;class name=&quot;com.qa.opencart.tests.AccountPageTest&quot;/&gt;
    &lt;/classes&gt;
  &lt;/test&gt; &lt;!-- Open Cart Accounts Page Test - Chrome 100 --&gt;
  &lt;test thread-count=&quot;4&quot; parallel=&quot;tests&quot; name=&quot;Open Cart Product Info Test - Chrome 89&quot; verbose=&quot;4&quot;&gt;
    &lt;parameter name=&quot;browser&quot; value=&quot;chrome&quot;/&gt;
    &lt;parameter name=&quot;browserversion&quot; value=&quot;89.0&quot;/&gt;
    &lt;classes&gt;
      &lt;class name=&quot;com.qa.opencart.tests.RegisterTest&quot;/&gt;
    &lt;/classes&gt;
  &lt;/test&gt; &lt;!-- Open Cart Product Info Test - Chrome 89 --&gt;
  &lt;test thread-count=&quot;4&quot; parallel=&quot;tests&quot; name=&quot;Open Cart Register Page Negative Test - Chrome 100&quot; verbose=&quot;4&quot;&gt;
    &lt;parameter name=&quot;browser&quot; value=&quot;chrome&quot;/&gt;
    &lt;parameter name=&quot;browserversion&quot; value=&quot;100.0&quot;/&gt;
    &lt;classes&gt;
      &lt;class name=&quot;com.qa.opencart.tests.SearchResultPageTest&quot;/&gt;
    &lt;/classes&gt;
  &lt;/test&gt; &lt;!-- Open Cart Register Page Negative Test - Chrome 100 --&gt;
&lt;/suite&gt; &lt;!-- Open Cart Test Regression Suite --&gt;
            </pre>
          </div> <!-- main-panel-content rounded-window-bottom -->
        </div> <!-- panel -->
        <div panel-name="testlist-Open_Cart_Test_Regression_Suite" class="panel">
          <div class="main-panel-header rounded-window-top">
            <span class="header-content">Tests for Open Cart Test Regression Suite</span>
          </div> <!-- main-panel-header rounded-window-top -->
          <div class="main-panel-content rounded-window-bottom">
            <ul>
              <li>
                <span class="test-name">Open Cart Login Page Test - Chrome 90 (1 class)</span>
              </li>
              <li>
                <span class="test-name">Open Cart Login Page Test - Chrome 100 (1 class)</span>
              </li>
              <li>
                <span class="test-name">Open Cart Accounts Page Test - Chrome 100 (1 class)</span>
              </li>
              <li>
                <span class="test-name">Open Cart Product Info Test - Chrome 89 (1 class)</span>
              </li>
              <li>
                <span class="test-name">Open Cart Register Page Negative Test - Chrome 100 (1 class)</span>
              </li>
            </ul>
          </div> <!-- main-panel-content rounded-window-bottom -->
        </div> <!-- panel -->
        <div panel-name="group-Open_Cart_Test_Regression_Suite" class="panel">
          <div class="main-panel-header rounded-window-top">
            <span class="header-content">Groups for Open Cart Test Regression Suite</span>
          </div> <!-- main-panel-header rounded-window-top -->
          <div class="main-panel-content rounded-window-bottom">
          </div> <!-- main-panel-content rounded-window-bottom -->
        </div> <!-- panel -->
        <div panel-name="times-Open_Cart_Test_Regression_Suite" class="panel">
          <div class="main-panel-header rounded-window-top">
            <span class="header-content">Times for Open Cart Test Regression Suite</span>
          </div> <!-- main-panel-header rounded-window-top -->
          <div class="main-panel-content rounded-window-bottom">
            <div class="times-div">
              <script type="text/javascript">
suiteTableInitFunctions.push('tableData_Open_Cart_Test_Regression_Suite');
function tableData_Open_Cart_Test_Regression_Suite() {
var data = new google.visualization.DataTable();
data.addColumn('number', 'Number');
data.addColumn('string', 'Method');
data.addColumn('string', 'Class');
data.addColumn('number', 'Time (ms)');
data.addRows(60);
data.setCell(0, 0, 0)
data.setCell(0, 1, 'footerLinkAllList')
data.setCell(0, 2, 'com.qa.opencart.tests.AccountPageTest')
data.setCell(0, 3, 5996);
data.setCell(1, 0, 1)
data.setCell(1, 1, 'verifyLoginPageTitle')
data.setCell(1, 2, 'com.qa.opencart.tests.LoginPageTest')
data.setCell(1, 3, 5465);
data.setCell(2, 0, 2)
data.setCell(2, 1, 'verifyFailTest')
data.setCell(2, 2, 'com.qa.opencart.tests.LoginPageTest')
data.setCell(2, 3, 5405);
data.setCell(3, 0, 3)
data.setCell(3, 1, 'verifyFailTest')
data.setCell(3, 2, 'com.qa.opencart.tests.LoginPageTest')
data.setCell(3, 3, 5405);
data.setCell(4, 0, 4)
data.setCell(4, 1, 'verifyLoginPageTitle')
data.setCell(4, 2, 'com.qa.opencart.tests.LoginPageTest')
data.setCell(4, 3, 5362);
data.setCell(5, 0, 5)
data.setCell(5, 1, 'verifyFailTest')
data.setCell(5, 2, 'com.qa.opencart.tests.LoginPageTest')
data.setCell(5, 3, 5347);
data.setCell(6, 0, 6)
data.setCell(6, 1, 'verifyLoginPageTitle')
data.setCell(6, 2, 'com.qa.opencart.tests.LoginPageTest')
data.setCell(6, 3, 5255);
data.setCell(7, 0, 7)
data.setCell(7, 1, 'userRegisterTest')
data.setCell(7, 2, 'com.qa.opencart.tests.RegisterTest')
data.setCell(7, 3, 5235);
data.setCell(8, 0, 8)
data.setCell(8, 1, 'verifyFailTest')
data.setCell(8, 2, 'com.qa.opencart.tests.LoginPageTest')
data.setCell(8, 3, 5225);
data.setCell(9, 0, 9)
data.setCell(9, 1, 'verifyLoginPageTitle')
data.setCell(9, 2, 'com.qa.opencart.tests.LoginPageTest')
data.setCell(9, 3, 5175);
data.setCell(10, 0, 10)
data.setCell(10, 1, 'verifyFailTest')
data.setCell(10, 2, 'com.qa.opencart.tests.LoginPageTest')
data.setCell(10, 3, 5089);
data.setCell(11, 0, 11)
data.setCell(11, 1, 'userRegisterTest')
data.setCell(11, 2, 'com.qa.opencart.tests.RegisterTest')
data.setCell(11, 3, 5044);
data.setCell(12, 0, 12)
data.setCell(12, 1, 'verifyLoginPageTitle')
data.setCell(12, 2, 'com.qa.opencart.tests.LoginPageTest')
data.setCell(12, 3, 5023);
data.setCell(13, 0, 13)
data.setCell(13, 1, 'verifyFailTest')
data.setCell(13, 2, 'com.qa.opencart.tests.LoginPageTest')
data.setCell(13, 3, 5016);
data.setCell(14, 0, 14)
data.setCell(14, 1, 'verifyLoginPageTitle')
data.setCell(14, 2, 'com.qa.opencart.tests.LoginPageTest')
data.setCell(14, 3, 5009);
data.setCell(15, 0, 15)
data.setCell(15, 1, 'userRegisterTest')
data.setCell(15, 2, 'com.qa.opencart.tests.RegisterTest')
data.setCell(15, 3, 4229);
data.setCell(16, 0, 16)
data.setCell(16, 1, 'productDtaTest')
data.setCell(16, 2, 'com.qa.opencart.tests.SearchResultPageTest')
data.setCell(16, 3, 3019);
data.setCell(17, 0, 17)
data.setCell(17, 1, 'userRegisterTest')
data.setCell(17, 2, 'com.qa.opencart.tests.RegisterTest')
data.setCell(17, 3, 2951);
data.setCell(18, 0, 18)
data.setCell(18, 1, 'ProductDesc')
data.setCell(18, 2, 'com.qa.opencart.tests.SearchResultPageTest')
data.setCell(18, 3, 2602);
data.setCell(19, 0, 19)
data.setCell(19, 1, 'imagesCountTest')
data.setCell(19, 2, 'com.qa.opencart.tests.SearchResultPageTest')
data.setCell(19, 3, 2498);
data.setCell(20, 0, 20)
data.setCell(20, 1, 'productInfoTest')
data.setCell(20, 2, 'com.qa.opencart.tests.SearchResultPageTest')
data.setCell(20, 3, 2365);
data.setCell(21, 0, 21)
data.setCell(21, 1, 'productInfoTest')
data.setCell(21, 2, 'com.qa.opencart.tests.SearchResultPageTest')
data.setCell(21, 3, 2290);
data.setCell(22, 0, 22)
data.setCell(22, 1, 'productInfoTest')
data.setCell(22, 2, 'com.qa.opencart.tests.SearchResultPageTest')
data.setCell(22, 3, 2263);
data.setCell(23, 0, 23)
data.setCell(23, 1, 'imagesCountTest')
data.setCell(23, 2, 'com.qa.opencart.tests.SearchResultPageTest')
data.setCell(23, 3, 2233);
data.setCell(24, 0, 24)
data.setCell(24, 1, 'imagesCountTest')
data.setCell(24, 2, 'com.qa.opencart.tests.SearchResultPageTest')
data.setCell(24, 3, 2199);
data.setCell(25, 0, 25)
data.setCell(25, 1, 'productInfoTest')
data.setCell(25, 2, 'com.qa.opencart.tests.SearchResultPageTest')
data.setCell(25, 3, 2165);
data.setCell(26, 0, 26)
data.setCell(26, 1, 'verifySuccessfulLogin')
data.setCell(26, 2, 'com.qa.opencart.tests.LoginPageTest')
data.setCell(26, 3, 1699);
data.setCell(27, 0, 27)
data.setCell(27, 1, 'imagesCountTest')
data.setCell(27, 2, 'com.qa.opencart.tests.SearchResultPageTest')
data.setCell(27, 3, 1659);
data.setCell(28, 0, 28)
data.setCell(28, 1, 'verifySuccessfulLogin')
data.setCell(28, 2, 'com.qa.opencart.tests.LoginPageTest')
data.setCell(28, 3, 1631);
data.setCell(29, 0, 29)
data.setCell(29, 1, 'doSearch')
data.setCell(29, 2, 'com.qa.opencart.tests.SearchResultPageTest')
data.setCell(29, 3, 1597);
data.setCell(30, 0, 30)
data.setCell(30, 1, 'doSearch')
data.setCell(30, 2, 'com.qa.opencart.tests.SearchResultPageTest')
data.setCell(30, 3, 1570);
data.setCell(31, 0, 31)
data.setCell(31, 1, 'getContentMainHeaderList')
data.setCell(31, 2, 'com.qa.opencart.tests.AccountPageTest')
data.setCell(31, 3, 1567);
data.setCell(32, 0, 32)
data.setCell(32, 1, 'userRegisterTest')
data.setCell(32, 2, 'com.qa.opencart.tests.RegisterTest')
data.setCell(32, 3, 1545);
data.setCell(33, 0, 33)
data.setCell(33, 1, 'doSearch')
data.setCell(33, 2, 'com.qa.opencart.tests.SearchResultPageTest')
data.setCell(33, 3, 1509);
data.setCell(34, 0, 34)
data.setCell(34, 1, 'doSearch')
data.setCell(34, 2, 'com.qa.opencart.tests.SearchResultPageTest')
data.setCell(34, 3, 1481);
data.setCell(35, 0, 35)
data.setCell(35, 1, 'userRegisterTest')
data.setCell(35, 2, 'com.qa.opencart.tests.RegisterTest')
data.setCell(35, 3, 1447);
data.setCell(36, 0, 36)
data.setCell(36, 1, 'userRegisterTest')
data.setCell(36, 2, 'com.qa.opencart.tests.RegisterTest')
data.setCell(36, 3, 1404);
data.setCell(37, 0, 37)
data.setCell(37, 1, 'userRegisterTest')
data.setCell(37, 2, 'com.qa.opencart.tests.RegisterTest')
data.setCell(37, 3, 1367);
data.setCell(38, 0, 38)
data.setCell(38, 1, 'userLogOutPage')
data.setCell(38, 2, 'com.qa.opencart.tests.AccountPageTest')
data.setCell(38, 3, 1137);
data.setCell(39, 0, 39)
data.setCell(39, 1, 'verifyEmailAddressFieldIsPresent')
data.setCell(39, 2, 'com.qa.opencart.tests.LoginPageTest')
data.setCell(39, 3, 760);
data.setCell(40, 0, 40)
data.setCell(40, 1, 'verifyEmailAddressFieldIsPresent')
data.setCell(40, 2, 'com.qa.opencart.tests.LoginPageTest')
data.setCell(40, 3, 749);
data.setCell(41, 0, 41)
data.setCell(41, 1, 'homePageHeader')
data.setCell(41, 2, 'com.qa.opencart.tests.AccountPageTest')
data.setCell(41, 3, 458);
data.setCell(42, 0, 42)
data.setCell(42, 1, 'accountTitleTest')
data.setCell(42, 2, 'com.qa.opencart.tests.AccountPageTest')
data.setCell(42, 3, 439);
data.setCell(43, 0, 43)
data.setCell(43, 1, 'addToCartButtonPresent')
data.setCell(43, 2, 'com.qa.opencart.tests.AccountPageTest')
data.setCell(43, 3, 251);
data.setCell(44, 0, 44)
data.setCell(44, 1, 'verifyLoginLinkIsPresent')
data.setCell(44, 2, 'com.qa.opencart.tests.LoginPageTest')
data.setCell(44, 3, 226);
data.setCell(45, 0, 45)
data.setCell(45, 1, 'verifyLoginLinkIsPresent')
data.setCell(45, 2, 'com.qa.opencart.tests.LoginPageTest')
data.setCell(45, 3, 217);
data.setCell(46, 0, 46)
data.setCell(46, 1, 'verifyReturningCustomerTextIsPresent')
data.setCell(46, 2, 'com.qa.opencart.tests.LoginPageTest')
data.setCell(46, 3, 181);
data.setCell(47, 0, 47)
data.setCell(47, 1, 'verifySearchBoxIsPresent')
data.setCell(47, 2, 'com.qa.opencart.tests.LoginPageTest')
data.setCell(47, 3, 179);
data.setCell(48, 0, 48)
data.setCell(48, 1, 'verifySearchBoxIsPresent')
data.setCell(48, 2, 'com.qa.opencart.tests.LoginPageTest')
data.setCell(48, 3, 178);
data.setCell(49, 0, 49)
data.setCell(49, 1, 'searchBoxPresent')
data.setCell(49, 2, 'com.qa.opencart.tests.AccountPageTest')
data.setCell(49, 3, 168);
data.setCell(50, 0, 50)
data.setCell(50, 1, 'logoutLinkPresent')
data.setCell(50, 2, 'com.qa.opencart.tests.AccountPageTest')
data.setCell(50, 3, 167);
data.setCell(51, 0, 51)
data.setCell(51, 1, 'verifyRegisterFieldIsPresent')
data.setCell(51, 2, 'com.qa.opencart.tests.LoginPageTest')
data.setCell(51, 3, 164);
data.setCell(52, 0, 52)
data.setCell(52, 1, 'verifyPasswordFieldIsPresent')
data.setCell(52, 2, 'com.qa.opencart.tests.LoginPageTest')
data.setCell(52, 3, 160);
data.setCell(53, 0, 53)
data.setCell(53, 1, 'myAccountPresent')
data.setCell(53, 2, 'com.qa.opencart.tests.AccountPageTest')
data.setCell(53, 3, 159);
data.setCell(54, 0, 54)
data.setCell(54, 1, 'verifyReturningCustomerTextIsPresent')
data.setCell(54, 2, 'com.qa.opencart.tests.LoginPageTest')
data.setCell(54, 3, 158);
data.setCell(55, 0, 55)
data.setCell(55, 1, 'verifyPasswordFieldIsPresent')
data.setCell(55, 2, 'com.qa.opencart.tests.LoginPageTest')
data.setCell(55, 3, 155);
data.setCell(56, 0, 56)
data.setCell(56, 1, 'verifyRegisterFieldIsPresent')
data.setCell(56, 2, 'com.qa.opencart.tests.LoginPageTest')
data.setCell(56, 3, 148);
data.setCell(57, 0, 57)
data.setCell(57, 1, 'getPageUrlTest')
data.setCell(57, 2, 'com.qa.opencart.tests.AccountPageTest')
data.setCell(57, 3, 101);
data.setCell(58, 0, 58)
data.setCell(58, 1, 'verifyLoginPageUrl')
data.setCell(58, 2, 'com.qa.opencart.tests.LoginPageTest')
data.setCell(58, 3, 93);
data.setCell(59, 0, 59)
data.setCell(59, 1, 'verifyLoginPageUrl')
data.setCell(59, 2, 'com.qa.opencart.tests.LoginPageTest')
data.setCell(59, 3, 90);
window.suiteTableData['Open_Cart_Test_Regression_Suite']= { tableData: data, tableDiv: 'times-div-Open_Cart_Test_Regression_Suite'}
return data;
}
              </script>
              <span class="suite-total-time">Total running time: 2 minutes</span>
              <div id="times-div-Open_Cart_Test_Regression_Suite">
              </div> <!-- times-div-Open_Cart_Test_Regression_Suite -->
            </div> <!-- times-div -->
          </div> <!-- main-panel-content rounded-window-bottom -->
        </div> <!-- panel -->
        <div panel-name="reporter-Open_Cart_Test_Regression_Suite" class="panel">
          <div class="main-panel-header rounded-window-top">
            <span class="header-content">Reporter output for Open Cart Test Regression Suite</span>
          </div> <!-- main-panel-header rounded-window-top -->
          <div class="main-panel-content rounded-window-bottom">
          </div> <!-- main-panel-content rounded-window-bottom -->
        </div> <!-- panel -->
        <div panel-name="ignored-methods-Open_Cart_Test_Regression_Suite" class="panel">
          <div class="main-panel-header rounded-window-top">
            <span class="header-content">0 ignored methods</span>
          </div> <!-- main-panel-header rounded-window-top -->
          <div class="main-panel-content rounded-window-bottom">
          </div> <!-- main-panel-content rounded-window-bottom -->
        </div> <!-- panel -->
        <div panel-name="chronological-Open_Cart_Test_Regression_Suite" class="panel">
          <div class="main-panel-header rounded-window-top">
            <span class="header-content">Methods in chronological order</span>
          </div> <!-- main-panel-header rounded-window-top -->
          <div class="main-panel-content rounded-window-bottom">
            <div class="chronological-class">
              <div class="chronological-class-name">com.qa.opencart.tests.LoginPageTest</div> <!-- chronological-class-name -->
              <div class="configuration-test before">
                <span class="method-name">setup(chrome, 90.0)</span>
                <span class="method-start">0 ms</span>
              </div> <!-- configuration-test before -->
            </div> <!-- chronological-class -->
            <div class="chronological-class">
              <div class="chronological-class-name">com.qa.opencart.tests.RegisterTest</div> <!-- chronological-class-name -->
              <div class="configuration-test before">
                <span class="method-name">setup(chrome, 89.0)</span>
                <span class="method-start">0 ms</span>
              </div> <!-- configuration-test before -->
            </div> <!-- chronological-class -->
            <div class="chronological-class">
              <div class="chronological-class-name">com.qa.opencart.tests.LoginPageTest</div> <!-- chronological-class-name -->
              <div class="configuration-test before">
                <span class="method-name">setup(chrome, 100.0)</span>
                <span class="method-start">0 ms</span>
              </div> <!-- configuration-test before -->
            </div> <!-- chronological-class -->
            <div class="chronological-class">
              <div class="chronological-class-name">com.qa.opencart.tests.AccountPageTest</div> <!-- chronological-class-name -->
              <div class="configuration-test before">
                <span class="method-name">setup(chrome, 100.0)</span>
                <span class="method-start">0 ms</span>
              </div> <!-- configuration-test before -->
              <div class="configuration-class before">
                <span class="method-name">accountSetup</span>
                <span class="method-start">5151 ms</span>
              </div> <!-- configuration-class before -->
            </div> <!-- chronological-class -->
            <div class="chronological-class">
              <div class="chronological-class-name">com.qa.opencart.tests.LoginPageTest</div> <!-- chronological-class-name -->
              <div class="test-method">
                <span class="method-name">verifyEmailAddressFieldIsPresent</span>
                <span class="method-start">5152 ms</span>
              </div> <!-- test-method -->
              <div class="test-method">
                <span class="method-name">verifyEmailAddressFieldIsPresent</span>
                <span class="method-start">5163 ms</span>
              </div> <!-- test-method -->
            </div> <!-- chronological-class -->
            <div class="chronological-class">
              <div class="chronological-class-name">com.qa.opencart.tests.RegisterTest</div> <!-- chronological-class-name -->
              <div class="configuration-class before">
                <span class="method-name">regSetup</span>
                <span class="method-start">5187 ms</span>
              </div> <!-- configuration-class before -->
            </div> <!-- chronological-class -->
            <div class="chronological-class">
              <div class="chronological-class-name">com.qa.opencart.tests.LoginPageTest</div> <!-- chronological-class-name -->
              <div class="test-method">
                <span class="method-name">verifyFailTest</span>
                <span class="method-start">6153 ms</span>
              </div> <!-- test-method -->
              <div class="test-method">
                <span class="method-name">verifyFailTest</span>
                <span class="method-start">6153 ms</span>
              </div> <!-- test-method -->
            </div> <!-- chronological-class -->
            <div class="chronological-class">
              <div class="chronological-class-name">com.qa.opencart.tests.RegisterTest</div> <!-- chronological-class-name -->
              <div class="test-method">
                <span class="method-name">userRegisterTest(Rakesh, k, 963256985, Rak@1234, yes)</span>
                <span class="method-start">7103 ms</span>
              </div> <!-- test-method -->
            </div> <!-- chronological-class -->
            <div class="chronological-class">
              <div class="chronological-class-name">com.qa.opencart.tests.AccountPageTest</div> <!-- chronological-class-name -->
              <div class="test-method">
                <span class="method-name">accountTitleTest</span>
                <span class="method-start">7218 ms</span>
              </div> <!-- test-method -->
              <div class="test-method">
                <span class="method-name">addToCartButtonPresent</span>
                <span class="method-start">7669 ms</span>
              </div> <!-- test-method -->
              <div class="test-method">
                <span class="method-name">footerLinkAllList</span>
                <span class="method-start">7927 ms</span>
              </div> <!-- test-method -->
            </div> <!-- chronological-class -->
            <div class="chronological-class">
              <div class="chronological-class-name">com.qa.opencart.tests.LoginPageTest</div> <!-- chronological-class-name -->
              <div class="test-method">
                <span class="method-name">verifyFailTest</span>
                <span class="method-start">11867 ms</span>
              </div> <!-- test-method -->
              <div class="test-method">
                <span class="method-name">verifyFailTest</span>
                <span class="method-start">12125 ms</span>
              </div> <!-- test-method -->
            </div> <!-- chronological-class -->
            <div class="chronological-class">
              <div class="chronological-class-name">com.qa.opencart.tests.RegisterTest</div> <!-- chronological-class-name -->
              <div class="test-method">
                <span class="method-name">userRegisterTest(nehah, k, 963256985, Rak@1234, yes)</span>
                <span class="method-start">12346 ms</span>
              </div> <!-- test-method -->
            </div> <!-- chronological-class -->
            <div class="chronological-class">
              <div class="chronological-class-name">com.qa.opencart.tests.AccountPageTest</div> <!-- chronological-class-name -->
              <div class="test-method">
                <span class="method-name">getContentMainHeaderList</span>
                <span class="method-start">13935 ms</span>
              </div> <!-- test-method -->
              <div class="test-method">
                <span class="method-name">getPageUrlTest</span>
                <span class="method-start">15509 ms</span>
              </div> <!-- test-method -->
              <div class="test-method">
                <span class="method-name">homePageHeader</span>
                <span class="method-start">15617 ms</span>
              </div> <!-- test-method -->
              <div class="test-method">
                <span class="method-name">logoutLinkPresent</span>
                <span class="method-start">16085 ms</span>
              </div> <!-- test-method -->
              <div class="test-method">
                <span class="method-name">myAccountPresent</span>
                <span class="method-start">16261 ms</span>
              </div> <!-- test-method -->
              <div class="test-method">
                <span class="method-name">searchBoxPresent</span>
                <span class="method-start">16427 ms</span>
              </div> <!-- test-method -->
              <div class="test-method">
                <span class="method-name">userLogOutPage</span>
                <span class="method-start">16601 ms</span>
              </div> <!-- test-method -->
            </div> <!-- chronological-class -->
            <div class="chronological-class">
              <div class="chronological-class-name">com.qa.opencart.tests.RegisterTest</div> <!-- chronological-class-name -->
              <div class="test-method">
                <span class="method-name">userRegisterTest(Aarush, singh, 963256985, Rak@1234, yes)</span>
                <span class="method-start">17493 ms</span>
              </div> <!-- test-method -->
            </div> <!-- chronological-class -->
            <div class="chronological-class">
              <div class="chronological-class-name">com.qa.opencart.tests.LoginPageTest</div> <!-- chronological-class-name -->
              <div class="test-method">
                <img src="failed.png">
                </img>
                <span class="method-name">verifyFailTest</span>
                <span class="method-start">17496 ms</span>
              </div> <!-- test-method -->
              <div class="test-method">
                <img src="failed.png">
                </img>
                <span class="method-name">verifyFailTest</span>
                <span class="method-start">17706 ms</span>
              </div> <!-- test-method -->
            </div> <!-- chronological-class -->
            <div class="chronological-class">
              <div class="chronological-class-name">com.qa.opencart.tests.AccountPageTest</div> <!-- chronological-class-name -->
              <div class="configuration-test after">
                <span class="method-name">teardown</span>
                <span class="method-start">17748 ms</span>
              </div> <!-- configuration-test after -->
            </div> <!-- chronological-class -->
            <div class="chronological-class">
              <div class="chronological-class-name">com.qa.opencart.tests.SearchResultPageTest</div> <!-- chronological-class-name -->
              <div class="configuration-test before">
                <span class="method-name">setup(chrome, 100.0)</span>
                <span class="method-start">18525 ms</span>
              </div> <!-- configuration-test before -->
              <div class="test-method">
                <span class="method-name">ProductDesc</span>
                <span class="method-start">20700 ms</span>
              </div> <!-- test-method -->
            </div> <!-- chronological-class -->
            <div class="chronological-class">
              <div class="chronological-class-name">com.qa.opencart.tests.RegisterTest</div> <!-- chronological-class-name -->
              <div class="test-method">
                <span class="method-name">userRegisterTest(Aarush, singh, 963256985, Rak@1234, yes)</span>
                <span class="method-start">22060 ms</span>
              </div> <!-- test-method -->
            </div> <!-- chronological-class -->
            <div class="chronological-class">
              <div class="chronological-class-name">com.qa.opencart.tests.LoginPageTest</div> <!-- chronological-class-name -->
              <div class="test-method">
                <span class="method-name">verifyLoginLinkIsPresent</span>
                <span class="method-start">23254 ms</span>
              </div> <!-- test-method -->
            </div> <!-- chronological-class -->
            <div class="chronological-class">
              <div class="chronological-class-name">com.qa.opencart.tests.SearchResultPageTest</div> <!-- chronological-class-name -->
              <div class="test-method">
                <span class="method-name">doSearch(MacBook)</span>
                <span class="method-start">23310 ms</span>
              </div> <!-- test-method -->
            </div> <!-- chronological-class -->
            <div class="chronological-class">
              <div class="chronological-class-name">com.qa.opencart.tests.LoginPageTest</div> <!-- chronological-class-name -->
              <div class="test-method">
                <span class="method-name">verifyLoginLinkIsPresent</span>
                <span class="method-start">23383 ms</span>
              </div> <!-- test-method -->
              <div class="test-method">
                <span class="method-name">verifyLoginPageTitle</span>
                <span class="method-start">23494 ms</span>
              </div> <!-- test-method -->
              <div class="test-method">
                <span class="method-name">verifyLoginPageTitle</span>
                <span class="method-start">23612 ms</span>
              </div> <!-- test-method -->
            </div> <!-- chronological-class -->
            <div class="chronological-class">
              <div class="chronological-class-name">com.qa.opencart.tests.SearchResultPageTest</div> <!-- chronological-class-name -->
              <div class="test-method">
                <span class="method-name">doSearch(Imac)</span>
                <span class="method-start">24826 ms</span>
              </div> <!-- test-method -->
            </div> <!-- chronological-class -->
            <div class="chronological-class">
              <div class="chronological-class-name">com.qa.opencart.tests.RegisterTest</div> <!-- chronological-class-name -->
              <div class="test-method">
                <span class="method-name">userRegisterTest(Aarush, singh, 963256985, Rak@1234, yes)</span>
                <span class="method-start">25305 ms</span>
              </div> <!-- test-method -->
            </div> <!-- chronological-class -->
            <div class="chronological-class">
              <div class="chronological-class-name">com.qa.opencart.tests.SearchResultPageTest</div> <!-- chronological-class-name -->
              <div class="test-method">
                <span class="method-name">doSearch(Apple)</span>
                <span class="method-start">26430 ms</span>
              </div> <!-- test-method -->
            </div> <!-- chronological-class -->
            <div class="chronological-class">
              <div class="chronological-class-name">com.qa.opencart.tests.RegisterTest</div> <!-- chronological-class-name -->
              <div class="test-method">
                <img src="failed.png">
                </img>
                <span class="method-name">userRegisterTest(Aarush, singh, 963256985, Rak@1234, yes)</span>
                <span class="method-start">27150 ms</span>
              </div> <!-- test-method -->
            </div> <!-- chronological-class -->
            <div class="chronological-class">
              <div class="chronological-class-name">com.qa.opencart.tests.SearchResultPageTest</div> <!-- chronological-class-name -->
              <div class="test-method">
                <span class="method-name">doSearch(samsung)</span>
                <span class="method-start">27919 ms</span>
              </div> <!-- test-method -->
            </div> <!-- chronological-class -->
            <div class="chronological-class">
              <div class="chronological-class-name">com.qa.opencart.tests.LoginPageTest</div> <!-- chronological-class-name -->
              <div class="test-method">
                <span class="method-name">verifyLoginPageTitle</span>
                <span class="method-start">28760 ms</span>
              </div> <!-- test-method -->
              <div class="test-method">
                <span class="method-name">verifyLoginPageTitle</span>
                <span class="method-start">28970 ms</span>
              </div> <!-- test-method -->
            </div> <!-- chronological-class -->
            <div class="chronological-class">
              <div class="chronological-class-name">com.qa.opencart.tests.RegisterTest</div> <!-- chronological-class-name -->
              <div class="test-method">
                <img src="failed.png">
                </img>
                <span class="method-name">userRegisterTest(Aaruk, singh, 963256985, Rak@1234, yes)</span>
                <span class="method-start">29468 ms</span>
              </div> <!-- test-method -->
            </div> <!-- chronological-class -->
            <div class="chronological-class">
              <div class="chronological-class-name">com.qa.opencart.tests.SearchResultPageTest</div> <!-- chronological-class-name -->
              <div class="test-method">
                <span class="method-name">imagesCountTest(MacBook, MacBook Pro, 4)</span>
                <span class="method-start">29495 ms</span>
              </div> <!-- test-method -->
            </div> <!-- chronological-class -->
            <div class="chronological-class">
              <div class="chronological-class-name">com.qa.opencart.tests.RegisterTest</div> <!-- chronological-class-name -->
              <div class="test-method">
                <img src="failed.png">
                </img>
                <span class="method-name">userRegisterTest(Aaruk, singh, 963256985, Rak@1234, yes)</span>
                <span class="method-start">31358 ms</span>
              </div> <!-- test-method -->
            </div> <!-- chronological-class -->
            <div class="chronological-class">
              <div class="chronological-class-name">com.qa.opencart.tests.SearchResultPageTest</div> <!-- chronological-class-name -->
              <div class="test-method">
                <span class="method-name">imagesCountTest(iMac, iMac, 3)</span>
                <span class="method-start">31735 ms</span>
              </div> <!-- test-method -->
            </div> <!-- chronological-class -->
            <div class="chronological-class">
              <div class="chronological-class-name">com.qa.opencart.tests.RegisterTest</div> <!-- chronological-class-name -->
              <div class="configuration-test after">
                <span class="method-name">teardown</span>
                <span class="method-start">33210 ms</span>
              </div> <!-- configuration-test after -->
            </div> <!-- chronological-class -->
            <div class="chronological-class">
              <div class="chronological-class-name">com.qa.opencart.tests.SearchResultPageTest</div> <!-- chronological-class-name -->
              <div class="test-method">
                <span class="method-name">imagesCountTest(Apple, Apple Cinema 30", 6)</span>
                <span class="method-start">34464 ms</span>
              </div> <!-- test-method -->
            </div> <!-- chronological-class -->
            <div class="chronological-class">
              <div class="chronological-class-name">com.qa.opencart.tests.LoginPageTest</div> <!-- chronological-class-name -->
              <div class="test-method">
                <img src="failed.png">
                </img>
                <span class="method-name">verifyLoginPageTitle</span>
                <span class="method-start">34465 ms</span>
              </div> <!-- test-method -->
              <div class="test-method">
                <img src="failed.png">
                </img>
                <span class="method-name">verifyLoginPageTitle</span>
                <span class="method-start">34666 ms</span>
              </div> <!-- test-method -->
            </div> <!-- chronological-class -->
            <div class="chronological-class">
              <div class="chronological-class-name">com.qa.opencart.tests.SearchResultPageTest</div> <!-- chronological-class-name -->
              <div class="test-method">
                <span class="method-name">imagesCountTest(Samsung, Samsung SyncMaster 941BW, 1)</span>
                <span class="method-start">36670 ms</span>
              </div> <!-- test-method -->
              <div class="test-method">
                <span class="method-name">productDtaTest</span>
                <span class="method-start">38336 ms</span>
              </div> <!-- test-method -->
            </div> <!-- chronological-class -->
            <div class="chronological-class">
              <div class="chronological-class-name">com.qa.opencart.tests.LoginPageTest</div> <!-- chronological-class-name -->
              <div class="test-method">
                <span class="method-name">verifyLoginPageUrl</span>
                <span class="method-start">40320 ms</span>
              </div> <!-- test-method -->
              <div class="test-method">
                <span class="method-name">verifyPasswordFieldIsPresent</span>
                <span class="method-start">40416 ms</span>
              </div> <!-- test-method -->
              <div class="test-method">
                <span class="method-name">verifyLoginPageUrl</span>
                <span class="method-start">40465 ms</span>
              </div> <!-- test-method -->
              <div class="test-method">
                <span class="method-name">verifyPasswordFieldIsPresent</span>
                <span class="method-start">40564 ms</span>
              </div> <!-- test-method -->
              <div class="test-method">
                <span class="method-name">verifyRegisterFieldIsPresent</span>
                <span class="method-start">40582 ms</span>
              </div> <!-- test-method -->
              <div class="test-method">
                <span class="method-name">verifyRegisterFieldIsPresent</span>
                <span class="method-start">40728 ms</span>
              </div> <!-- test-method -->
              <div class="test-method">
                <span class="method-name">verifyReturningCustomerTextIsPresent</span>
                <span class="method-start">40737 ms</span>
              </div> <!-- test-method -->
              <div class="test-method">
                <span class="method-name">verifyReturningCustomerTextIsPresent</span>
                <span class="method-start">40901 ms</span>
              </div> <!-- test-method -->
              <div class="test-method">
                <span class="method-name">verifySearchBoxIsPresent</span>
                <span class="method-start">40903 ms</span>
              </div> <!-- test-method -->
              <div class="test-method">
                <span class="method-name">verifySearchBoxIsPresent</span>
                <span class="method-start">41092 ms</span>
              </div> <!-- test-method -->
              <div class="test-method">
                <span class="method-name">verifySuccessfulLogin</span>
                <span class="method-start">41100 ms</span>
              </div> <!-- test-method -->
              <div class="test-method">
                <span class="method-name">verifySuccessfulLogin</span>
                <span class="method-start">41278 ms</span>
              </div> <!-- test-method -->
            </div> <!-- chronological-class -->
            <div class="chronological-class">
              <div class="chronological-class-name">com.qa.opencart.tests.SearchResultPageTest</div> <!-- chronological-class-name -->
              <div class="test-method">
                <span class="method-name">productInfoTest(MacBook, MacBook Pro)</span>
                <span class="method-start">41363 ms</span>
              </div> <!-- test-method -->
            </div> <!-- chronological-class -->
            <div class="chronological-class">
              <div class="chronological-class-name">com.qa.opencart.tests.LoginPageTest</div> <!-- chronological-class-name -->
              <div class="configuration-test after">
                <span class="method-name">teardown</span>
                <span class="method-start">42737 ms</span>
              </div> <!-- configuration-test after -->
              <div class="configuration-test after">
                <span class="method-name">teardown</span>
                <span class="method-start">42984 ms</span>
              </div> <!-- configuration-test after -->
            </div> <!-- chronological-class -->
            <div class="chronological-class">
              <div class="chronological-class-name">com.qa.opencart.tests.SearchResultPageTest</div> <!-- chronological-class-name -->
              <div class="test-method">
                <span class="method-name">productInfoTest(iMac, iMac)</span>
                <span class="method-start">43633 ms</span>
              </div> <!-- test-method -->
              <div class="test-method">
                <span class="method-name">productInfoTest(Apple, Apple Cinema 30")</span>
                <span class="method-start">45932 ms</span>
              </div> <!-- test-method -->
              <div class="test-method">
                <span class="method-name">productInfoTest(Samsung, Samsung SyncMaster 941BW)</span>
                <span class="method-start">48306 ms</span>
              </div> <!-- test-method -->
              <div class="configuration-test after">
                <span class="method-name">teardown</span>
                <span class="method-start">50476 ms</span>
              </div> <!-- configuration-test after -->
          </div> <!-- main-panel-content rounded-window-bottom -->
        </div> <!-- panel -->
      </div> <!-- main-panel-root -->
    </div> <!-- wrapper -->
  </body>
</html>
