<?xml version="1.0" encoding="UTF-8"?>
<!-- Generated by org.testng.reporters.JUnitReportReporter -->
<testsuite hostname="Rakesh-Singh" failures="0" tests="28" name="com.qa.opencart.tests.LoginPageTest" time="69.564" errors="4" timestamp="21 Jul 2024 11:04:33 GMT" skipped="8">
  <testcase classname="com.qa.opencart.tests.LoginPageTest" name="verifyPasswordFieldIsPresent" time="0.160"/>
  <testcase classname="com.qa.opencart.tests.LoginPageTest" name="verifySearchBoxIsPresent" time="0.178"/>
  <testcase classname="com.qa.opencart.tests.LoginPageTest" name="verifyLoginPageTitle" time="5.175">
    <error message="Expected condition failed: waiting for title to be &quot;My Account&quot;. Current title: &quot;Account Login&quot; (tried for 5 second(s) with 500 milliseconds interval)
Build info: version: &#039;4.11.0&#039;, revision: &#039;040bc5406b&#039;
System info: os.name: &#039;Windows 10&#039;, os.arch: &#039;amd64&#039;, os.version: &#039;10.0&#039;, java.version: &#039;17.0.2&#039;
Driver info: org.openqa.selenium.remote.RemoteWebDriver
Capabilities {acceptInsecureCerts: false, browserName: chrome, browserVersion: 100.0.4896.60, chrome: {chromedriverVersion: 100.0.4896.20 (f9d71f93d32a..., userDataDir: /tmp/.com.google.Chrome.9tbasc}, goog:chromeOptions: {debuggerAddress: localhost:42023}, networkConnectionEnabled: false, pageLoadStrategy: normal, platformName: linux, proxy: Proxy(), se:cdp: ws://65.0.127.169:4444/devt..., se:cdpVersion: 100.0.4896.60, setWindowRect: true, strictFileInteractability: false, timeouts: {implicit: 0, pageLoad: 300000, script: 30000}, unhandledPromptBehavior: dismiss and notify, webauthn:extension:credBlob: true, webauthn:extension:largeBlob: true, webauthn:virtualAuthenticators: true}
Session ID: 8aadbf2ec4c1d0651c0dd3cd477e8ca4" type="org.openqa.selenium.TimeoutException">
      <![CDATA[org.openqa.selenium.TimeoutException: Expected condition failed: waiting for title to be "My Account". Current title: "Account Login" (tried for 5 second(s) with 500 milliseconds interval)
Build info: version: '4.11.0', revision: '040bc5406b'
System info: os.name: 'Windows 10', os.arch: 'amd64', os.version: '10.0', java.version: '17.0.2'
Driver info: org.openqa.selenium.remote.RemoteWebDriver
Capabilities {acceptInsecureCerts: false, browserName: chrome, browserVersion: 100.0.4896.60, chrome: {chromedriverVersion: 100.0.4896.20 (f9d71f93d32a..., userDataDir: /tmp/.com.google.Chrome.9tbasc}, goog:chromeOptions: {debuggerAddress: localhost:42023}, networkConnectionEnabled: false, pageLoadStrategy: normal, platformName: linux, proxy: Proxy(), se:cdp: ws://65.0.127.169:4444/devt..., se:cdpVersion: 100.0.4896.60, setWindowRect: true, strictFileInteractability: false, timeouts: {implicit: 0, pageLoad: 300000, script: 30000}, unhandledPromptBehavior: dismiss and notify, webauthn:extension:credBlob: true, webauthn:extension:largeBlob: true, webauthn:virtualAuthenticators: true}
Session ID: 8aadbf2ec4c1d0651c0dd3cd477e8ca4
at org.openqa.selenium.support.ui.WebDriverWait.timeoutException(WebDriverWait.java:84)
at org.openqa.selenium.support.ui.FluentWait.until(FluentWait.java:230)
at com.qa.opencart.utils.ElementUtil.waitForTitleIs(ElementUtil.java:234)
at com.qa.opencart.pages.LoginPage.getPageTitle(LoginPage.java:44)
at com.qa.opencart.tests.LoginPageTest.verifyLoginPageTitle(LoginPageTest.java:27)
at java.base/jdk.internal.reflect.NativeMethodAccessorImpl.invoke0(Native Method)
at java.base/jdk.internal.reflect.NativeMethodAccessorImpl.invoke(NativeMethodAccessorImpl.java:77)
at java.base/jdk.internal.reflect.DelegatingMethodAccessorImpl.invoke(DelegatingMethodAccessorImpl.java:43)
at java.base/java.lang.reflect.Method.invoke(Method.java:568)
at org.testng.internal.MethodInvocationHelper.invokeMethod(MethodInvocationHelper.java:124)
at org.testng.internal.Invoker.invokeMethod(Invoker.java:583)
at org.testng.internal.Invoker.retryFailed(Invoker.java:839)
at org.testng.internal.Invoker.invokeTestMethods(Invoker.java:1010)
at org.testng.internal.TestMethodWorker.invokeTestMethods(TestMethodWorker.java:125)
at org.testng.internal.TestMethodWorker.run(TestMethodWorker.java:109)
at org.testng.TestRunner.privateRun(TestRunner.java:648)
at org.testng.TestRunner.run(TestRunner.java:505)
at org.testng.SuiteRunner.runTest(SuiteRunner.java:455)
at org.testng.SuiteRunner.access$000(SuiteRunner.java:40)
at org.testng.SuiteRunner$SuiteWorker.run(SuiteRunner.java:489)
at org.testng.internal.thread.ThreadUtil$1.call(ThreadUtil.java:52)
at java.base/java.util.concurrent.FutureTask.run(FutureTask.java:264)
at java.base/java.util.concurrent.ThreadPoolExecutor.runWorker(ThreadPoolExecutor.java:1136)
at java.base/java.util.concurrent.ThreadPoolExecutor$Worker.run(ThreadPoolExecutor.java:635)
at java.base/java.lang.Thread.run(Thread.java:833)
]]>
    </error>
  </testcase> <!-- verifyLoginPageTitle -->
  <testcase classname="com.qa.opencart.tests.LoginPageTest" name="verifyLoginLinkIsPresent" time="0.217"/>
  <testcase classname="com.qa.opencart.tests.LoginPageTest" name="verifyLoginPageTitle" time="5.465">
    <skipped/>
  </testcase> <!-- verifyLoginPageTitle -->
  <testcase classname="com.qa.opencart.tests.LoginPageTest" name="verifyRegisterFieldIsPresent" time="0.164"/>
  <testcase classname="com.qa.opencart.tests.LoginPageTest" name="verifyLoginPageTitle" time="5.255">
    <skipped/>
  </testcase> <!-- verifyLoginPageTitle -->
  <testcase classname="com.qa.opencart.tests.LoginPageTest" name="verifyLoginPageUrl" time="0.090"/>
  <testcase classname="com.qa.opencart.tests.LoginPageTest" name="verifyLoginPageUrl" time="0.093"/>
  <testcase classname="com.qa.opencart.tests.LoginPageTest" name="verifyReturningCustomerTextIsPresent" time="0.158"/>
  <testcase classname="com.qa.opencart.tests.LoginPageTest" name="verifyReturningCustomerTextIsPresent" time="0.181"/>
  <testcase classname="com.qa.opencart.tests.LoginPageTest" name="verifyRegisterFieldIsPresent" time="0.148"/>
  <testcase classname="com.qa.opencart.tests.LoginPageTest" name="verifyFailTest" time="5.016">
    <error message="Expected condition failed: waiting for title to be &quot;My Account&quot;. Current title: &quot;Account Login&quot; (tried for 5 second(s) with 500 milliseconds interval)
Build info: version: &#039;4.11.0&#039;, revision: &#039;040bc5406b&#039;
System info: os.name: &#039;Windows 10&#039;, os.arch: &#039;amd64&#039;, os.version: &#039;10.0&#039;, java.version: &#039;17.0.2&#039;
Driver info: org.openqa.selenium.remote.RemoteWebDriver
Capabilities {acceptInsecureCerts: false, browserName: chrome, browserVersion: 100.0.4896.60, chrome: {chromedriverVersion: 100.0.4896.20 (f9d71f93d32a..., userDataDir: /tmp/.com.google.Chrome.9tbasc}, goog:chromeOptions: {debuggerAddress: localhost:42023}, networkConnectionEnabled: false, pageLoadStrategy: normal, platformName: linux, proxy: Proxy(), se:cdp: ws://65.0.127.169:4444/devt..., se:cdpVersion: 100.0.4896.60, setWindowRect: true, strictFileInteractability: false, timeouts: {implicit: 0, pageLoad: 300000, script: 30000}, unhandledPromptBehavior: dismiss and notify, webauthn:extension:credBlob: true, webauthn:extension:largeBlob: true, webauthn:virtualAuthenticators: true}
Session ID: 8aadbf2ec4c1d0651c0dd3cd477e8ca4" type="org.openqa.selenium.TimeoutException">
      <![CDATA[org.openqa.selenium.TimeoutException: Expected condition failed: waiting for title to be "My Account". Current title: "Account Login" (tried for 5 second(s) with 500 milliseconds interval)
Build info: version: '4.11.0', revision: '040bc5406b'
System info: os.name: 'Windows 10', os.arch: 'amd64', os.version: '10.0', java.version: '17.0.2'
Driver info: org.openqa.selenium.remote.RemoteWebDriver
Capabilities {acceptInsecureCerts: false, browserName: chrome, browserVersion: 100.0.4896.60, chrome: {chromedriverVersion: 100.0.4896.20 (f9d71f93d32a..., userDataDir: /tmp/.com.google.Chrome.9tbasc}, goog:chromeOptions: {debuggerAddress: localhost:42023}, networkConnectionEnabled: false, pageLoadStrategy: normal, platformName: linux, proxy: Proxy(), se:cdp: ws://65.0.127.169:4444/devt..., se:cdpVersion: 100.0.4896.60, setWindowRect: true, strictFileInteractability: false, timeouts: {implicit: 0, pageLoad: 300000, script: 30000}, unhandledPromptBehavior: dismiss and notify, webauthn:extension:credBlob: true, webauthn:extension:largeBlob: true, webauthn:virtualAuthenticators: true}
Session ID: 8aadbf2ec4c1d0651c0dd3cd477e8ca4
at org.openqa.selenium.support.ui.WebDriverWait.timeoutException(WebDriverWait.java:84)
at org.openqa.selenium.support.ui.FluentWait.until(FluentWait.java:230)
at com.qa.opencart.utils.ElementUtil.waitForTitleIs(ElementUtil.java:234)
at com.qa.opencart.pages.LoginPage.getPageTitle(LoginPage.java:44)
at com.qa.opencart.tests.LoginPageTest.verifyFailTest(LoginPageTest.java:33)
at java.base/jdk.internal.reflect.NativeMethodAccessorImpl.invoke0(Native Method)
at java.base/jdk.internal.reflect.NativeMethodAccessorImpl.invoke(NativeMethodAccessorImpl.java:77)
at java.base/jdk.internal.reflect.DelegatingMethodAccessorImpl.invoke(DelegatingMethodAccessorImpl.java:43)
at java.base/java.lang.reflect.Method.invoke(Method.java:568)
at org.testng.internal.MethodInvocationHelper.invokeMethod(MethodInvocationHelper.java:124)
at org.testng.internal.Invoker.invokeMethod(Invoker.java:583)
at org.testng.internal.Invoker.retryFailed(Invoker.java:839)
at org.testng.internal.Invoker.invokeTestMethods(Invoker.java:1010)
at org.testng.internal.TestMethodWorker.invokeTestMethods(TestMethodWorker.java:125)
at org.testng.internal.TestMethodWorker.run(TestMethodWorker.java:109)
at org.testng.TestRunner.privateRun(TestRunner.java:648)
at org.testng.TestRunner.run(TestRunner.java:505)
at org.testng.SuiteRunner.runTest(SuiteRunner.java:455)
at org.testng.SuiteRunner.access$000(SuiteRunner.java:40)
at org.testng.SuiteRunner$SuiteWorker.run(SuiteRunner.java:489)
at org.testng.internal.thread.ThreadUtil$1.call(ThreadUtil.java:52)
at java.base/java.util.concurrent.FutureTask.run(FutureTask.java:264)
at java.base/java.util.concurrent.ThreadPoolExecutor.runWorker(ThreadPoolExecutor.java:1136)
at java.base/java.util.concurrent.ThreadPoolExecutor$Worker.run(ThreadPoolExecutor.java:635)
at java.base/java.lang.Thread.run(Thread.java:833)
]]>
    </error>
  </testcase> <!-- verifyFailTest -->
  <testcase classname="com.qa.opencart.tests.LoginPageTest" name="verifyFailTest" time="5.405">
    <skipped/>
  </testcase> <!-- verifyFailTest -->
  <testcase classname="com.qa.opencart.tests.LoginPageTest" name="verifyFailTest" time="5.089">
    <skipped/>
  </testcase> <!-- verifyFailTest -->
  <testcase classname="com.qa.opencart.tests.LoginPageTest" name="verifyFailTest" time="5.347">
    <skipped/>
  </testcase> <!-- verifyFailTest -->
  <testcase classname="com.qa.opencart.tests.LoginPageTest" name="verifyPasswordFieldIsPresent" time="0.155"/>
  <testcase classname="com.qa.opencart.tests.LoginPageTest" name="verifyEmailAddressFieldIsPresent" time="0.760"/>
  <testcase classname="com.qa.opencart.tests.LoginPageTest" name="verifyLoginLinkIsPresent" time="0.226"/>
  <testcase classname="com.qa.opencart.tests.LoginPageTest" name="verifyLoginPageTitle" time="5.023">
    <skipped/>
  </testcase> <!-- verifyLoginPageTitle -->
  <testcase classname="com.qa.opencart.tests.LoginPageTest" name="verifyFailTest" time="5.225">
    <error message="Expected condition failed: waiting for title to be &quot;My Account&quot;. Current title: &quot;Account Login&quot; (tried for 5 second(s) with 500 milliseconds interval)
Build info: version: &#039;4.11.0&#039;, revision: &#039;040bc5406b&#039;
System info: os.name: &#039;Windows 10&#039;, os.arch: &#039;amd64&#039;, os.version: &#039;10.0&#039;, java.version: &#039;17.0.2&#039;
Driver info: org.openqa.selenium.remote.RemoteWebDriver
Capabilities {acceptInsecureCerts: false, browserName: chrome, browserVersion: 90.0.4430.72, chrome: {chromedriverVersion: 90.0.4430.24 (4c6d850f087da..., userDataDir: /tmp/.com.google.Chrome.Lq54Fh}, goog:chromeOptions: {debuggerAddress: localhost:34779}, networkConnectionEnabled: false, pageLoadStrategy: normal, platformName: linux, proxy: Proxy(), se:cdp: ws://65.0.127.169:4444/devt..., se:cdpVersion: 90.0.4430.72, setWindowRect: true, strictFileInteractability: false, timeouts: {implicit: 0, pageLoad: 300000, script: 30000}, unhandledPromptBehavior: dismiss and notify, webauthn:extension:largeBlob: true, webauthn:virtualAuthenticators: true}
Session ID: 7a040dbc7ed2614ad70d0f2c9693f057" type="org.openqa.selenium.TimeoutException">
      <![CDATA[org.openqa.selenium.TimeoutException: Expected condition failed: waiting for title to be "My Account". Current title: "Account Login" (tried for 5 second(s) with 500 milliseconds interval)
Build info: version: '4.11.0', revision: '040bc5406b'
System info: os.name: 'Windows 10', os.arch: 'amd64', os.version: '10.0', java.version: '17.0.2'
Driver info: org.openqa.selenium.remote.RemoteWebDriver
Capabilities {acceptInsecureCerts: false, browserName: chrome, browserVersion: 90.0.4430.72, chrome: {chromedriverVersion: 90.0.4430.24 (4c6d850f087da..., userDataDir: /tmp/.com.google.Chrome.Lq54Fh}, goog:chromeOptions: {debuggerAddress: localhost:34779}, networkConnectionEnabled: false, pageLoadStrategy: normal, platformName: linux, proxy: Proxy(), se:cdp: ws://65.0.127.169:4444/devt..., se:cdpVersion: 90.0.4430.72, setWindowRect: true, strictFileInteractability: false, timeouts: {implicit: 0, pageLoad: 300000, script: 30000}, unhandledPromptBehavior: dismiss and notify, webauthn:extension:largeBlob: true, webauthn:virtualAuthenticators: true}
Session ID: 7a040dbc7ed2614ad70d0f2c9693f057
at org.openqa.selenium.support.ui.WebDriverWait.timeoutException(WebDriverWait.java:84)
at org.openqa.selenium.support.ui.FluentWait.until(FluentWait.java:230)
at com.qa.opencart.utils.ElementUtil.waitForTitleIs(ElementUtil.java:234)
at com.qa.opencart.pages.LoginPage.getPageTitle(LoginPage.java:44)
at com.qa.opencart.tests.LoginPageTest.verifyFailTest(LoginPageTest.java:33)
at java.base/jdk.internal.reflect.NativeMethodAccessorImpl.invoke0(Native Method)
at java.base/jdk.internal.reflect.NativeMethodAccessorImpl.invoke(NativeMethodAccessorImpl.java:77)
at java.base/jdk.internal.reflect.DelegatingMethodAccessorImpl.invoke(DelegatingMethodAccessorImpl.java:43)
at java.base/java.lang.reflect.Method.invoke(Method.java:568)
at org.testng.internal.MethodInvocationHelper.invokeMethod(MethodInvocationHelper.java:124)
at org.testng.internal.Invoker.invokeMethod(Invoker.java:583)
at org.testng.internal.Invoker.retryFailed(Invoker.java:839)
at org.testng.internal.Invoker.invokeTestMethods(Invoker.java:1010)
at org.testng.internal.TestMethodWorker.invokeTestMethods(TestMethodWorker.java:125)
at org.testng.internal.TestMethodWorker.run(TestMethodWorker.java:109)
at org.testng.TestRunner.privateRun(TestRunner.java:648)
at org.testng.TestRunner.run(TestRunner.java:505)
at org.testng.SuiteRunner.runTest(SuiteRunner.java:455)
at org.testng.SuiteRunner.access$000(SuiteRunner.java:40)
at org.testng.SuiteRunner$SuiteWorker.run(SuiteRunner.java:489)
at org.testng.internal.thread.ThreadUtil$1.call(ThreadUtil.java:52)
at java.base/java.util.concurrent.FutureTask.run(FutureTask.java:264)
at java.base/java.util.concurrent.ThreadPoolExecutor.runWorker(ThreadPoolExecutor.java:1136)
at java.base/java.util.concurrent.ThreadPoolExecutor$Worker.run(ThreadPoolExecutor.java:635)
at java.base/java.lang.Thread.run(Thread.java:833)
]]>
    </error>
  </testcase> <!-- verifyFailTest -->
  <testcase classname="com.qa.opencart.tests.LoginPageTest" name="verifySearchBoxIsPresent" time="0.179"/>
  <testcase classname="com.qa.opencart.tests.LoginPageTest" name="verifyLoginPageTitle" time="5.009">
    <skipped/>
  </testcase> <!-- verifyLoginPageTitle -->
  <testcase classname="com.qa.opencart.tests.LoginPageTest" name="verifyEmailAddressFieldIsPresent" time="0.749"/>
  <testcase classname="com.qa.opencart.tests.LoginPageTest" name="verifyLoginPageTitle" time="5.362">
    <error message="Expected condition failed: waiting for title to be &quot;My Account&quot;. Current title: &quot;Account Login&quot; (tried for 5 second(s) with 500 milliseconds interval)
Build info: version: &#039;4.11.0&#039;, revision: &#039;040bc5406b&#039;
System info: os.name: &#039;Windows 10&#039;, os.arch: &#039;amd64&#039;, os.version: &#039;10.0&#039;, java.version: &#039;17.0.2&#039;
Driver info: org.openqa.selenium.remote.RemoteWebDriver
Capabilities {acceptInsecureCerts: false, browserName: chrome, browserVersion: 90.0.4430.72, chrome: {chromedriverVersion: 90.0.4430.24 (4c6d850f087da..., userDataDir: /tmp/.com.google.Chrome.Lq54Fh}, goog:chromeOptions: {debuggerAddress: localhost:34779}, networkConnectionEnabled: false, pageLoadStrategy: normal, platformName: linux, proxy: Proxy(), se:cdp: ws://65.0.127.169:4444/devt..., se:cdpVersion: 90.0.4430.72, setWindowRect: true, strictFileInteractability: false, timeouts: {implicit: 0, pageLoad: 300000, script: 30000}, unhandledPromptBehavior: dismiss and notify, webauthn:extension:largeBlob: true, webauthn:virtualAuthenticators: true}
Session ID: 7a040dbc7ed2614ad70d0f2c9693f057" type="org.openqa.selenium.TimeoutException">
      <![CDATA[org.openqa.selenium.TimeoutException: Expected condition failed: waiting for title to be "My Account". Current title: "Account Login" (tried for 5 second(s) with 500 milliseconds interval)
Build info: version: '4.11.0', revision: '040bc5406b'
System info: os.name: 'Windows 10', os.arch: 'amd64', os.version: '10.0', java.version: '17.0.2'
Driver info: org.openqa.selenium.remote.RemoteWebDriver
Capabilities {acceptInsecureCerts: false, browserName: chrome, browserVersion: 90.0.4430.72, chrome: {chromedriverVersion: 90.0.4430.24 (4c6d850f087da..., userDataDir: /tmp/.com.google.Chrome.Lq54Fh}, goog:chromeOptions: {debuggerAddress: localhost:34779}, networkConnectionEnabled: false, pageLoadStrategy: normal, platformName: linux, proxy: Proxy(), se:cdp: ws://65.0.127.169:4444/devt..., se:cdpVersion: 90.0.4430.72, setWindowRect: true, strictFileInteractability: false, timeouts: {implicit: 0, pageLoad: 300000, script: 30000}, unhandledPromptBehavior: dismiss and notify, webauthn:extension:largeBlob: true, webauthn:virtualAuthenticators: true}
Session ID: 7a040dbc7ed2614ad70d0f2c9693f057
at org.openqa.selenium.support.ui.WebDriverWait.timeoutException(WebDriverWait.java:84)
at org.openqa.selenium.support.ui.FluentWait.until(FluentWait.java:230)
at com.qa.opencart.utils.ElementUtil.waitForTitleIs(ElementUtil.java:234)
at com.qa.opencart.pages.LoginPage.getPageTitle(LoginPage.java:44)
at com.qa.opencart.tests.LoginPageTest.verifyLoginPageTitle(LoginPageTest.java:27)
at java.base/jdk.internal.reflect.NativeMethodAccessorImpl.invoke0(Native Method)
at java.base/jdk.internal.reflect.NativeMethodAccessorImpl.invoke(NativeMethodAccessorImpl.java:77)
at java.base/jdk.internal.reflect.DelegatingMethodAccessorImpl.invoke(DelegatingMethodAccessorImpl.java:43)
at java.base/java.lang.reflect.Method.invoke(Method.java:568)
at org.testng.internal.MethodInvocationHelper.invokeMethod(MethodInvocationHelper.java:124)
at org.testng.internal.Invoker.invokeMethod(Invoker.java:583)
at org.testng.internal.Invoker.retryFailed(Invoker.java:839)
at org.testng.internal.Invoker.invokeTestMethods(Invoker.java:1010)
at org.testng.internal.TestMethodWorker.invokeTestMethods(TestMethodWorker.java:125)
at org.testng.internal.TestMethodWorker.run(TestMethodWorker.java:109)
at org.testng.TestRunner.privateRun(TestRunner.java:648)
at org.testng.TestRunner.run(TestRunner.java:505)
at org.testng.SuiteRunner.runTest(SuiteRunner.java:455)
at org.testng.SuiteRunner.access$000(SuiteRunner.java:40)
at org.testng.SuiteRunner$SuiteWorker.run(SuiteRunner.java:489)
at org.testng.internal.thread.ThreadUtil$1.call(ThreadUtil.java:52)
at java.base/java.util.concurrent.FutureTask.run(FutureTask.java:264)
at java.base/java.util.concurrent.ThreadPoolExecutor.runWorker(ThreadPoolExecutor.java:1136)
at java.base/java.util.concurrent.ThreadPoolExecutor$Worker.run(ThreadPoolExecutor.java:635)
at java.base/java.lang.Thread.run(Thread.java:833)
]]>
    </error>
  </testcase> <!-- verifyLoginPageTitle -->
  <testcase classname="com.qa.opencart.tests.LoginPageTest" name="verifySuccessfulLogin" time="1.699"/>
  <testcase classname="com.qa.opencart.tests.LoginPageTest" name="verifySuccessfulLogin" time="1.631"/>
  <testcase classname="com.qa.opencart.tests.LoginPageTest" name="verifyFailTest" time="5.405">
    <skipped/>
  </testcase> <!-- verifyFailTest -->
</testsuite> <!-- com.qa.opencart.tests.LoginPageTest -->
